#
# There is insufficient memory for the Java Runtime Environment to continue.
# Native memory allocation (malloc) failed to allocate 899856 bytes for Chunk::new
# Possible reasons:
#   The system is out of physical RAM or swap space
#   The process is running with CompressedOops enabled, and the Java Heap may be blocking the growth of the native heap
# Possible solutions:
#   Reduce memory load on the system
#   Increase physical memory or swap space
#   Check if swap backing store is full
#   Decrease Java heap size (-Xmx/-Xms)
#   Decrease number of Java threads
#   Decrease Java thread stack sizes (-Xss)
#   Set larger code cache with -XX:ReservedCodeCacheSize=
#   JVM is running with Unscaled Compressed Oops mode in which the Java heap is
#     placed in the first 4GB address space. The Java Heap base address is the
#     maximum limit for the native heap growth. Please use -XX:HeapBaseMinAddress
#     to set the Java Heap base and to place the Java Heap above 4GB virtual address.
# This output file may be truncated or incomplete.
#
#  Out of Memory Error (allocation.cpp:389), pid=12776, tid=0x0000000000001284
#
# JRE version: OpenJDK Runtime Environment (8.0_202-b03) (build 1.8.0_202-release-1483-b03)
# Java VM: OpenJDK 64-Bit Server VM (25.202-b03 mixed mode windows-amd64 compressed oops)
# Failed to write core dump. Minidumps are not enabled by default on client versions of Windows
#

---------------  T H R E A D  ---------------

Current thread (0x000000001816b800):  JavaThread "C2 CompilerThread0" daemon [_thread_in_native, id=4740, stack(0x0000000018a70000,0x0000000018b70000)]

Stack: [0x0000000018a70000,0x0000000018b70000]
[error occurred during error reporting (printing stack bounds), id 0xc0000005]

Native frames: (J=compiled Java code, j=interpreted, Vv=VM code, C=native code)


Current CompileTask:
C2:  13719 4132       4       com.sun.beans.TypeResolver::resolve (37 bytes)


---------------  P R O C E S S  ---------------

Java Threads: ( => current thread )
  0x000000001dd8d000 JavaThread "Cache worker for Build Output Cleanup Cache (C:\Users\Lokman\AndroidStudioProjects\bmwparis\.gradle\buildOutputCleanup)" [_thread_blocked, id=18148, stack(0x0000000022290000,0x0000000022390000)]
  0x000000001dd8c800 JavaThread "Build operations Thread 8" [_thread_blocked, id=14744, stack(0x0000000022d00000,0x0000000022e00000)]
  0x000000001dd85000 JavaThread "Build operations Thread 7" [_thread_blocked, id=12828, stack(0x0000000022c00000,0x0000000022d00000)]
  0x000000001dd86800 JavaThread "Build operations Thread 6" [_thread_blocked, id=9348, stack(0x0000000022b00000,0x0000000022c00000)]
  0x000000001dd8b800 JavaThread "Build operations Thread 5" [_thread_blocked, id=17824, stack(0x0000000022a00000,0x0000000022b00000)]
  0x000000001dd89800 JavaThread "Build operations Thread 4" [_thread_blocked, id=8852, stack(0x0000000022900000,0x0000000022a00000)]
  0x000000001dd84000 JavaThread "Build operations Thread 3" [_thread_blocked, id=9608, stack(0x0000000022800000,0x0000000022900000)]
  0x000000001dd87000 JavaThread "Build operations Thread 2" [_thread_blocked, id=2808, stack(0x0000000022700000,0x0000000022800000)]
  0x000000001dd88800 JavaThread "Build operations" [_thread_blocked, id=14988, stack(0x0000000022600000,0x0000000022700000)]
  0x000000001dd8a000 JavaThread "Cache worker for execution history cache (C:\Users\Lokman\.gradle\caches\5.4.1\executionHistory)" [_thread_blocked, id=10356, stack(0x0000000021f90000,0x0000000022090000)]
  0x000000001dd8b000 JavaThread "Cache worker for cache directory md-rule (C:\Users\Lokman\.gradle\caches\5.4.1\md-rule)" [_thread_blocked, id=12484, stack(0x000000001f610000,0x000000001f710000)]
  0x000000001dd88000 JavaThread "Cache worker for cache directory md-supplier (C:\Users\Lokman\.gradle\caches\5.4.1\md-supplier)" [_thread_blocked, id=9212, stack(0x000000001f360000,0x000000001f460000)]
  0x000000001a80d000 JavaThread "Cache worker for file hash cache (C:\Users\Lokman\AndroidStudioProjects\bmwparis\.gradle\5.4.1\fileHashes)" [_thread_blocked, id=13172, stack(0x000000001f510000,0x000000001f610000)]
  0x000000001a80b800 JavaThread "Cache worker for journal cache (C:\Users\Lokman\.gradle\caches\journal-1)" [_thread_blocked, id=9184, stack(0x000000001bef0000,0x000000001bff0000)]
  0x000000001a80b000 JavaThread "File lock request listener" [_thread_in_native, id=16716, stack(0x000000001bbf0000,0x000000001bcf0000)]
  0x000000001a809800 JavaThread "Cache worker for file hash cache (C:\Users\Lokman\.gradle\caches\5.4.1\fileHashes)" [_thread_blocked, id=11572, stack(0x000000001baf0000,0x000000001bbf0000)]
  0x000000001a556000 JavaThread "Thread-9" [_thread_blocked, id=17208, stack(0x000000001b9f0000,0x000000001baf0000)]
  0x000000001a569000 JavaThread "Stdin handler" [_thread_blocked, id=17460, stack(0x000000001b8f0000,0x000000001b9f0000)]
  0x000000001a568000 JavaThread "Asynchronous log dispatcher for DefaultDaemonConnection: socket connection from /127.0.0.1:7283 to /127.0.0.1:7284" [_thread_blocked, id=5024, stack(0x000000001b7f0000,0x000000001b8f0000)]
  0x000000001a56c800 JavaThread "Daemon worker" [_thread_in_vm, id=16760, stack(0x000000001b6f0000,0x000000001b7f0000)]
  0x000000001a45a000 JavaThread "Cancel handler" [_thread_blocked, id=19160, stack(0x000000001b5f0000,0x000000001b6f0000)]
  0x000000001a2a9800 JavaThread "Handler for socket connection from /127.0.0.1:7283 to /127.0.0.1:7284" [_thread_in_native, id=19144, stack(0x000000001b2f0000,0x000000001b3f0000)]
  0x000000001a2a0000 JavaThread "Daemon" [_thread_blocked, id=13104, stack(0x000000001b1f0000,0x000000001b2f0000)]
  0x000000001a249000 JavaThread "Daemon periodic checks" [_thread_blocked, id=14808, stack(0x000000001b0f0000,0x000000001b1f0000)]
  0x000000001a30c000 JavaThread "Incoming local TCP Connector on port 7283" [_thread_in_native, id=18052, stack(0x000000001ae80000,0x000000001af80000)]
  0x000000001a263000 JavaThread "Daemon health stats" [_thread_blocked, id=18360, stack(0x000000001a840000,0x000000001a940000)]
  0x00000000181d3800 JavaThread "Service Thread" daemon [_thread_blocked, id=6972, stack(0x0000000018e70000,0x0000000018f70000)]
  0x000000001635e800 JavaThread "C1 CompilerThread3" daemon [_thread_blocked, id=12948, stack(0x0000000018d70000,0x0000000018e70000)]
  0x000000001635d800 JavaThread "C2 CompilerThread2" daemon [_thread_blocked, id=17684, stack(0x0000000018c70000,0x0000000018d70000)]
  0x0000000018172000 JavaThread "C2 CompilerThread1" daemon [_thread_in_native, id=12244, stack(0x0000000018b70000,0x0000000018c70000)]
=>0x000000001816b800 JavaThread "C2 CompilerThread0" daemon [_thread_in_native, id=4740, stack(0x0000000018a70000,0x0000000018b70000)]
  0x000000001816a800 JavaThread "Attach Listener" daemon [_thread_blocked, id=14748, stack(0x0000000018970000,0x0000000018a70000)]
  0x0000000018176000 JavaThread "Signal Dispatcher" daemon [_thread_blocked, id=4348, stack(0x0000000018870000,0x0000000018970000)]
  0x0000000018161000 JavaThread "Finalizer" daemon [_thread_blocked, id=15956, stack(0x0000000018640000,0x0000000018740000)]
  0x0000000018160800 JavaThread "Reference Handler" daemon [_thread_blocked, id=1300, stack(0x0000000018540000,0x0000000018640000)]
  0x0000000000bae000 JavaThread "main" [_thread_blocked, id=17288, stack(0x0000000002390000,0x0000000002490000)]

Other Threads:
  0x0000000016346000 VMThread [stack: 0x0000000018040000,0x0000000018140000] [id=17972]
  0x00000000181d4800 WatcherThread [stack: 0x0000000018f70000,0x0000000019070000] [id=5548]

VM state:not at safepoint (normal execution)

VM Mutex/Monitor currently owned by a thread: None

heap address: 0x00000000a0000000, size: 1536 MB, Compressed Oops mode: 32-bit
Narrow klass base: 0x0000000000000000, Narrow klass shift: 3
Compressed class space size: 1073741824 Address: 0x0000000100000000

Heap:
 PSYoungGen      total 203776K, used 148901K [0x00000000e0000000, 0x00000000ed980000, 0x0000000100000000)
  eden space 187392K, 79% used [0x00000000e0000000,0x00000000e91697e8,0x00000000eb700000)
  from space 16384K, 0% used [0x00000000ec680000,0x00000000ec680000,0x00000000ed680000)
  to   space 15872K, 0% used [0x00000000eb700000,0x00000000eb700000,0x00000000ec680000)
 ParOldGen       total 112128K, used 17119K [0x00000000a0000000, 0x00000000a6d80000, 0x00000000e0000000)
  object space 112128K, 15% used [0x00000000a0000000,0x00000000a10b7d28,0x00000000a6d80000)
 Metaspace       used 48983K, capacity 50310K, committed 50472K, reserved 1093632K
  class space    used 6624K, capacity 6944K, committed 6952K, reserved 1048576K

Card table byte_map: [0x0000000011950000,0x0000000011c60000] byte_map_base: 0x0000000011450000

Marking Bits: (ParMarkBitMap*) 0x00000000556e9f30
 Begin Bits: [0x0000000012660000, 0x0000000013e60000)
 End Bits:   [0x0000000013e60000, 0x0000000015660000)

Polling page: 0x0000000000b50000

CodeCache: size=245760Kb used=13458Kb max_used=13458Kb free=232301Kb
 bounds [0x0000000002590000, 0x00000000032c0000, 0x0000000011590000]
 total_blobs=4710 nmethods=3944 adapters=679
 compilation: enabled

Compilation events (10 events):
Event: 13.564 Thread 0x000000001635e800 4192       3       kotlin.text.StringsKt__StringsJVMKt::startsWith$default (15 bytes)
Event: 13.565 Thread 0x000000001635e800 nmethod 4192 0x00000000032bb010 code [0x00000000032bb180, 0x00000000032bb328]
Event: 13.565 Thread 0x000000001635e800 4193       3       kotlin.text.StringsKt__StringsJVMKt::startsWith (36 bytes)
Event: 13.565 Thread 0x000000001635e800 nmethod 4193 0x00000000032bb3d0 code [0x00000000032bb580, 0x00000000032bbb98]
Event: 13.565 Thread 0x000000001635e800 4194       1       kotlin.reflect.jvm.internal.pcollections.ConsPStack::size (5 bytes)
Event: 13.566 Thread 0x000000001635e800 nmethod 4194 0x00000000032bbe10 code [0x00000000032bbf60, 0x00000000032bc070]
Event: 13.587 Thread 0x000000001635e800 4195       3       java.net.URL::openConnection (9 bytes)
Event: 13.587 Thread 0x000000001635e800 nmethod 4195 0x00000000032bc0d0 code [0x00000000032bc240, 0x00000000032bc468]
Event: 13.587 Thread 0x000000001635e800 4196       3       sun.nio.cs.UTF_8$Decoder::decodeLoop (28 bytes)
Event: 13.588 Thread 0x000000001635e800 nmethod 4196 0x00000000032bc510 code [0x00000000032bc6a0, 0x00000000032bcbd8]

GC Heap History (10 events):
Event: 3.740 GC heap before
{Heap before GC invocations=4 (full 0):
 PSYoungGen      total 68608K, used 60435K [0x00000000e0000000, 0x00000000e8600000, 0x0000000100000000)
  eden space 63488K, 87% used [0x00000000e0000000,0x00000000e3608ea0,0x00000000e3e00000)
  from space 5120K, 99% used [0x00000000e3e00000,0x00000000e42fc010,0x00000000e4300000)
  to   space 5120K, 0% used [0x00000000e8100000,0x00000000e8100000,0x00000000e8600000)
 ParOldGen       total 84992K, used 4682K [0x00000000a0000000, 0x00000000a5300000, 0x00000000e0000000)
  object space 84992K, 5% used [0x00000000a0000000,0x00000000a0492b10,0x00000000a5300000)
 Metaspace       used 20637K, capacity 21146K, committed 21296K, reserved 1067008K
  class space    used 2956K, capacity 3123K, committed 3200K, reserved 1048576K
Event: 3.753 GC heap after
Heap after GC invocations=4 (full 0):
 PSYoungGen      total 132096K, used 5096K [0x00000000e0000000, 0x00000000e8600000, 0x0000000100000000)
  eden space 126976K, 0% used [0x00000000e0000000,0x00000000e0000000,0x00000000e7c00000)
  from space 5120K, 99% used [0x00000000e8100000,0x00000000e85fa0b8,0x00000000e8600000)
  to   space 5120K, 0% used [0x00000000e7c00000,0x00000000e7c00000,0x00000000e8100000)
 ParOldGen       total 84992K, used 11606K [0x00000000a0000000, 0x00000000a5300000, 0x00000000e0000000)
  object space 84992K, 13% used [0x00000000a0000000,0x00000000a0b55830,0x00000000a5300000)
 Metaspace       used 20637K, capacity 21146K, committed 21296K, reserved 1067008K
  class space    used 2956K, capacity 3123K, committed 3200K, reserved 1048576K
}
Event: 3.753 GC heap before
{Heap before GC invocations=5 (full 1):
 PSYoungGen      total 132096K, used 5096K [0x00000000e0000000, 0x00000000e8600000, 0x0000000100000000)
  eden space 126976K, 0% used [0x00000000e0000000,0x00000000e0000000,0x00000000e7c00000)
  from space 5120K, 99% used [0x00000000e8100000,0x00000000e85fa0b8,0x00000000e8600000)
  to   space 5120K, 0% used [0x00000000e7c00000,0x00000000e7c00000,0x00000000e8100000)
 ParOldGen       total 84992K, used 11606K [0x00000000a0000000, 0x00000000a5300000, 0x00000000e0000000)
  object space 84992K, 13% used [0x00000000a0000000,0x00000000a0b55830,0x00000000a5300000)
 Metaspace       used 20637K, capacity 21146K, committed 21296K, reserved 1067008K
  class space    used 2956K, capacity 3123K, committed 3200K, reserved 1048576K
Event: 3.798 GC heap after
Heap after GC invocations=5 (full 1):
 PSYoungGen      total 132096K, used 0K [0x00000000e0000000, 0x00000000e8600000, 0x0000000100000000)
  eden space 126976K, 0% used [0x00000000e0000000,0x00000000e0000000,0x00000000e7c00000)
  from space 5120K, 0% used [0x00000000e8100000,0x00000000e8100000,0x00000000e8600000)
  to   space 5120K, 0% used [0x00000000e7c00000,0x00000000e7c00000,0x00000000e8100000)
 ParOldGen       total 68096K, used 11661K [0x00000000a0000000, 0x00000000a4280000, 0x00000000e0000000)
  object space 68096K, 17% used [0x00000000a0000000,0x00000000a0b636d0,0x00000000a4280000)
 Metaspace       used 20637K, capacity 21146K, committed 21296K, reserved 1067008K
  class space    used 2956K, capacity 3123K, committed 3200K, reserved 1048576K
}
Event: 5.337 GC heap before
{Heap before GC invocations=6 (full 1):
 PSYoungGen      total 132096K, used 126976K [0x00000000e0000000, 0x00000000e8600000, 0x0000000100000000)
  eden space 126976K, 100% used [0x00000000e0000000,0x00000000e7c00000,0x00000000e7c00000)
  from space 5120K, 0% used [0x00000000e8100000,0x00000000e8100000,0x00000000e8600000)
  to   space 5120K, 0% used [0x00000000e7c00000,0x00000000e7c00000,0x00000000e8100000)
 ParOldGen       total 68096K, used 11661K [0x00000000a0000000, 0x00000000a4280000, 0x00000000e0000000)
  object space 68096K, 17% used [0x00000000a0000000,0x00000000a0b636d0,0x00000000a4280000)
 Metaspace       used 31966K, capacity 32562K, committed 32768K, reserved 1077248K
  class space    used 4407K, capacity 4592K, committed 4608K, reserved 1048576K
Event: 5.351 GC heap after
Heap after GC invocations=6 (full 1):
 PSYoungGen      total 132096K, used 5120K [0x00000000e0000000, 0x00000000ed680000, 0x0000000100000000)
  eden space 126976K, 0% used [0x00000000e0000000,0x00000000e0000000,0x00000000e7c00000)
  from space 5120K, 100% used [0x00000000e7c00000,0x00000000e8100000,0x00000000e8100000)
  to   space 16384K, 0% used [0x00000000ec680000,0x00000000ec680000,0x00000000ed680000)
 ParOldGen       total 68096K, used 19221K [0x00000000a0000000, 0x00000000a4280000, 0x00000000e0000000)
  object space 68096K, 28% used [0x00000000a0000000,0x00000000a12c5420,0x00000000a4280000)
 Metaspace       used 31966K, capacity 32562K, committed 32768K, reserved 1077248K
  class space    used 4407K, capacity 4592K, committed 4608K, reserved 1048576K
}
Event: 7.566 GC heap before
{Heap before GC invocations=7 (full 1):
 PSYoungGen      total 132096K, used 63040K [0x00000000e0000000, 0x00000000ed680000, 0x0000000100000000)
  eden space 126976K, 45% used [0x00000000e0000000,0x00000000e38902d8,0x00000000e7c00000)
  from space 5120K, 100% used [0x00000000e7c00000,0x00000000e8100000,0x00000000e8100000)
  to   space 16384K, 0% used [0x00000000ec680000,0x00000000ec680000,0x00000000ed680000)
 ParOldGen       total 68096K, used 19221K [0x00000000a0000000, 0x00000000a4280000, 0x00000000e0000000)
  object space 68096K, 28% used [0x00000000a0000000,0x00000000a12c5420,0x00000000a4280000)
 Metaspace       used 34711K, capacity 35414K, committed 35496K, reserved 1079296K
  class space    used 4783K, capacity 4996K, committed 5032K, reserved 1048576K
Event: 7.604 GC heap after
Heap after GC invocations=7 (full 1):
 PSYoungGen      total 203776K, used 10217K [0x00000000e0000000, 0x00000000ed980000, 0x0000000100000000)
  eden space 187392K, 0% used [0x00000000e0000000,0x00000000e0000000,0x00000000eb700000)
  from space 16384K, 62% used [0x00000000ec680000,0x00000000ed07a638,0x00000000ed680000)
  to   space 15872K, 0% used [0x00000000eb700000,0x00000000eb700000,0x00000000ec680000)
 ParOldGen       total 68096K, used 19229K [0x00000000a0000000, 0x00000000a4280000, 0x00000000e0000000)
  object space 68096K, 28% used [0x00000000a0000000,0x00000000a12c7420,0x00000000a4280000)
 Metaspace       used 34711K, capacity 35414K, committed 35496K, reserved 1079296K
  class space    used 4783K, capacity 4996K, committed 5032K, reserved 1048576K
}
Event: 7.604 GC heap before
{Heap before GC invocations=8 (full 2):
 PSYoungGen      total 203776K, used 10217K [0x00000000e0000000, 0x00000000ed980000, 0x0000000100000000)
  eden space 187392K, 0% used [0x00000000e0000000,0x00000000e0000000,0x00000000eb700000)
  from space 16384K, 62% used [0x00000000ec680000,0x00000000ed07a638,0x00000000ed680000)
  to   space 15872K, 0% used [0x00000000eb700000,0x00000000eb700000,0x00000000ec680000)
 ParOldGen       total 68096K, used 19229K [0x00000000a0000000, 0x00000000a4280000, 0x00000000e0000000)
  object space 68096K, 28% used [0x00000000a0000000,0x00000000a12c7420,0x00000000a4280000)
 Metaspace       used 34711K, capacity 35414K, committed 35496K, reserved 1079296K
  class space    used 4783K, capacity 4996K, committed 5032K, reserved 1048576K
Event: 7.843 GC heap after
Heap after GC invocations=8 (full 2):
 PSYoungGen      total 203776K, used 0K [0x00000000e0000000, 0x00000000ed980000, 0x0000000100000000)
  eden space 187392K, 0% used [0x00000000e0000000,0x00000000e0000000,0x00000000eb700000)
  from space 16384K, 0% used [0x00000000ec680000,0x00000000ec680000,0x00000000ed680000)
  to   space 15872K, 0% used [0x00000000eb700000,0x00000000eb700000,0x00000000ec680000)
 ParOldGen       total 112128K, used 17119K [0x00000000a0000000, 0x00000000a6d80000, 0x00000000e0000000)
  object space 112128K, 15% used [0x00000000a0000000,0x00000000a10b7d28,0x00000000a6d80000)
 Metaspace       used 34707K, capacity 35402K, committed 35496K, reserved 1079296K
  class space    used 4782K, capacity 4994K, committed 5032K, reserved 1048576K
}

Deoptimization events (10 events):
Event: 11.161 Thread 0x000000001a56c800 Uncommon trap: reason=unstable_if action=reinterpret pc=0x0000000002e359d4 method=java.util.jar.JarFile.maybeInstantiateVerifier()V @ 4
Event: 11.162 Thread 0x000000001a56c800 Uncommon trap: reason=unstable_if action=reinterpret pc=0x0000000002ee2de8 method=java.util.jar.JarFile.maybeInstantiateVerifier()V @ 4
Event: 11.163 Thread 0x000000001a56c800 Uncommon trap: reason=unstable_if action=reinterpret pc=0x0000000002a574b0 method=java.util.jar.JarFile.maybeInstantiateVerifier()V @ 4
Event: 11.164 Thread 0x000000001a56c800 Uncommon trap: reason=unstable_if action=reinterpret pc=0x00000000028562fc method=java.security.CodeSource.matchCerts(Ljava/security/CodeSource;Z)Z @ 11
Event: 11.304 Thread 0x000000001a56c800 Uncommon trap: reason=unstable_if action=reinterpret pc=0x0000000002fe1a00 method=java.util.LinkedHashMap.get(Ljava/lang/Object;)Ljava/lang/Object; @ 20
Event: 11.607 Thread 0x000000001a56c800 Uncommon trap: reason=unstable_if action=reinterpret pc=0x0000000002df4de8 method=org.objectweb.asm.ByteVector.putUTF8(Ljava/lang/String;)Lorg/objectweb/asm/ByteVector; @ 93
Event: 12.108 Thread 0x000000001a56c800 Uncommon trap: reason=unstable_if action=reinterpret pc=0x0000000002c047b0 method=org.objectweb.asm.ByteVector.putUTF8(Ljava/lang/String;)Lorg/objectweb/asm/ByteVector; @ 93
Event: 12.976 Thread 0x000000001a56c800 Uncommon trap: reason=unstable_if action=reinterpret pc=0x0000000002ddd860 method=org.gradle.internal.reflect.PropertyAccessorType.of(Ljava/lang/reflect/Method;)Lorg/gradle/internal/reflect/PropertyAccessorType; @ 56
Event: 13.247 Thread 0x000000001a56c800 Uncommon trap: reason=unstable_if action=reinterpret pc=0x00000000031017f0 method=org.gradle.internal.instantiation.AbstractClassGenerator$InjectionAnnotationValidator.validateMethod(Ljava/lang/reflect/Method;Lorg/gradle/internal/reflect/PropertyAccessorT
Event: 13.571 Thread 0x000000001a56c800 Uncommon trap: reason=unstable_if action=reinterpret pc=0x0000000002af9324 method=java.lang.String.lastIndexOf([CII[CIII)I @ 17

Classes redefined (0 events):
No events

Internal exceptions (10 events):
Event: 13.166 Thread 0x000000001a56c800 Exception <a 'java/lang/ClassNotFoundException': org/gradle/api/internal/file/CompositeFileTreeCustomizer> (0x00000000e72ed468) thrown at [D:\src\AOSP-openjdk-cygwin\jdk8u\hotspot\src\share\vm\classfile\systemDictionary.cpp, line 210]
Event: 13.167 Thread 0x000000001a56c800 Exception <a 'java/lang/ClassNotFoundException': org/gradle/api/internal/file/collections/DefaultConfigurableFileTreeCustomizer> (0x00000000e733b118) thrown at [D:\src\AOSP-openjdk-cygwin\jdk8u\hotspot\src\share\vm\classfile\systemDictionary.cpp, line 210
Event: 13.415 Thread 0x000000001a56c800 Exception <a 'java/lang/ClassNotFoundException': org/gradle/api/plugins/internal/DefaultBasePluginConventionBeanInfo> (0x00000000e7bdeed8) thrown at [D:\src\AOSP-openjdk-cygwin\jdk8u\hotspot\src\share\vm\classfile\systemDictionary.cpp, line 210]
Event: 13.415 Thread 0x000000001a56c800 Exception <a 'java/lang/ClassNotFoundException': org/gradle/api/plugins/BasePluginConventionBeanInfo> (0x00000000e7c04b38) thrown at [D:\src\AOSP-openjdk-cygwin\jdk8u\hotspot\src\share\vm\classfile\systemDictionary.cpp, line 210]
Event: 13.416 Thread 0x000000001a56c800 Exception <a 'java/lang/ClassNotFoundException': org/gradle/api/plugins/BasePluginConventionCustomizer> (0x00000000e7c2b0f0) thrown at [D:\src\AOSP-openjdk-cygwin\jdk8u\hotspot\src\share\vm\classfile\systemDictionary.cpp, line 210]
Event: 13.417 Thread 0x000000001a56c800 Exception <a 'java/lang/ClassNotFoundException': org/gradle/api/plugins/internal/DefaultBasePluginConventionCustomizer> (0x00000000e7c6aa58) thrown at [D:\src\AOSP-openjdk-cygwin\jdk8u\hotspot\src\share\vm\classfile\systemDictionary.cpp, line 210]
Event: 13.429 Thread 0x000000001a56c800 Exception <a 'java/lang/NoSuchMethodError': java.lang.Object.lambda$comparing$77a9974f$1(Ljava/util/function/Function;Ljava/lang/Object;Ljava/lang/Object;)I> (0x00000000e7ce3f28) thrown at [D:\src\AOSP-openjdk-cygwin\jdk8u\hotspot\src\share\vm\interpreter
Event: 13.430 Thread 0x000000001a56c800 Exception <a 'java/lang/NoSuchMethodError': java.lang.Object.lambda$comparingInt$7b0bb60$1(Ljava/util/function/ToIntFunction;Ljava/lang/Object;Ljava/lang/Object;)I> (0x00000000e7cee460) thrown at [D:\src\AOSP-openjdk-cygwin\jdk8u\hotspot\src\share\vm\inte
Event: 13.431 Thread 0x000000001a56c800 Exception <a 'java/lang/NoSuchMethodError': java.lang.Object.lambda$thenComparing$36697e65$1(Ljava/util/Comparator;Ljava/lang/Object;Ljava/lang/Object;)I> (0x00000000e7cf6fe8) thrown at [D:\src\AOSP-openjdk-cygwin\jdk8u\hotspot\src\share\vm\interpreter\li
Event: 13.433 Thread 0x000000001a56c800 Exception <a 'java/lang/NoSuchMethodError': java.lang.Object.lambda$comparing$ea9a8b3a$1(Ljava/util/Comparator;Ljava/util/function/Function;Ljava/lang/Object;Ljava/lang/Object;)I> (0x00000000e7d049d0) thrown at [D:\src\AOSP-openjdk-cygwin\jdk8u\hotspot\sr

Events (10 events):
Event: 13.715 loading class kotlin/reflect/jvm/internal/impl/metadata/ProtoBuf$TypeParameter$Variance$1
Event: 13.715 loading class kotlin/reflect/jvm/internal/impl/metadata/ProtoBuf$TypeParameter$Variance$1 done
Event: 13.716 loading class kotlin/reflect/jvm/internal/impl/protobuf/ExtensionRegistryLite$ObjectIntPair
Event: 13.716 loading class kotlin/reflect/jvm/internal/impl/protobuf/ExtensionRegistryLite$ObjectIntPair done
Event: 13.717 loading class kotlin/reflect/jvm/internal/impl/serialization/deserialization/builtins/BuiltInsPackageFragmentImpl
Event: 13.717 loading class kotlin/reflect/jvm/internal/impl/serialization/deserialization/builtins/BuiltInsPackageFragmentImpl done
Event: 13.717 loading class kotlin/reflect/jvm/internal/impl/builtins/BuiltInsPackageFragment
Event: 13.717 loading class kotlin/reflect/jvm/internal/impl/builtins/BuiltInsPackageFragment done
Event: 13.717 loading class kotlin/reflect/jvm/internal/impl/serialization/deserialization/DeserializedPackageFragmentImpl
Event: 13.717 loading class kotlin/reflect/jvm/internal/impl/serialization/deserialization/DeserializedPackageFragmentImpl done


Dynamic libraries:
0x00007ff79acf0000 - 0x00007ff79ad21000 	C:\Program Files\Android\Android Studio\jre\bin\java.exe
0x00007ffb06ec0000 - 0x00007ffb070b0000 	C:\WINDOWS\SYSTEM32\ntdll.dll
0x00007ffb06150000 - 0x00007ffb06202000 	C:\WINDOWS\System32\KERNEL32.DLL
0x00007ffb040e0000 - 0x00007ffb04383000 	C:\WINDOWS\System32\KERNELBASE.dll
0x00007ffb05df0000 - 0x00007ffb05e93000 	C:\WINDOWS\System32\ADVAPI32.dll
0x00007ffb05ea0000 - 0x00007ffb05f3e000 	C:\WINDOWS\System32\msvcrt.dll
0x00007ffb060b0000 - 0x00007ffb06147000 	C:\WINDOWS\System32\sechost.dll
0x00007ffb06c10000 - 0x00007ffb06d30000 	C:\WINDOWS\System32\RPCRT4.dll
0x00007ffb05bd0000 - 0x00007ffb05d64000 	C:\WINDOWS\System32\USER32.dll
0x00007ffb03f50000 - 0x00007ffb03f71000 	C:\WINDOWS\System32\win32u.dll
0x00007ffb05960000 - 0x00007ffb05986000 	C:\WINDOWS\System32\GDI32.dll
0x00007ffb04490000 - 0x00007ffb04624000 	C:\WINDOWS\System32\gdi32full.dll
0x00007ffb04390000 - 0x00007ffb0442e000 	C:\WINDOWS\System32\msvcp_win.dll
0x00007ffb03e50000 - 0x00007ffb03f4a000 	C:\WINDOWS\System32\ucrtbase.dll
0x00007ffaf5a20000 - 0x00007ffaf5ca5000 	C:\WINDOWS\WinSxS\amd64_microsoft.windows.common-controls_6595b64144ccf1df_6.0.18362.657_none_e6c5b579130e3898\COMCTL32.dll
0x00007ffb06680000 - 0x00007ffb069b6000 	C:\WINDOWS\System32\combase.dll
0x00007ffb04060000 - 0x00007ffb040e0000 	C:\WINDOWS\System32\bcryptPrimitives.dll
0x00007ffb05930000 - 0x00007ffb0595e000 	C:\WINDOWS\System32\IMM32.DLL
0x00000000526d0000 - 0x00000000527a2000 	C:\Program Files\Android\Android Studio\jre\jre\bin\msvcr100.dll
0x0000000054f20000 - 0x0000000055766000 	C:\Program Files\Android\Android Studio\jre\jre\bin\server\jvm.dll
0x00007ffb06c00000 - 0x00007ffb06c08000 	C:\WINDOWS\System32\PSAPI.DLL
0x00007ffafce50000 - 0x00007ffafce74000 	C:\WINDOWS\SYSTEM32\WINMM.dll
0x00007ffaff270000 - 0x00007ffaff279000 	C:\WINDOWS\SYSTEM32\WSOCK32.dll
0x00007ffafe180000 - 0x00007ffafe18a000 	C:\WINDOWS\SYSTEM32\VERSION.dll
0x00007ffb05a00000 - 0x00007ffb05a6f000 	C:\WINDOWS\System32\WS2_32.dll
0x00007ffafcdc0000 - 0x00007ffafcded000 	C:\WINDOWS\SYSTEM32\WINMMBASE.dll
0x00007ffb04f20000 - 0x00007ffb04f6a000 	C:\WINDOWS\System32\cfgmgr32.dll
0x00007ffafebb0000 - 0x00007ffafebbf000 	C:\Program Files\Android\Android Studio\jre\jre\bin\verify.dll
0x00007ffafeb80000 - 0x00007ffafeba9000 	C:\Program Files\Android\Android Studio\jre\jre\bin\java.dll
0x00007ffafeb60000 - 0x00007ffafeb76000 	C:\Program Files\Android\Android Studio\jre\jre\bin\zip.dll
0x00007ffb05120000 - 0x00007ffb05805000 	C:\WINDOWS\System32\SHELL32.dll
0x00007ffb05810000 - 0x00007ffb058b9000 	C:\WINDOWS\System32\shcore.dll
0x00007ffb04630000 - 0x00007ffb04daf000 	C:\WINDOWS\System32\windows.storage.dll
0x00007ffb03e30000 - 0x00007ffb03e4f000 	C:\WINDOWS\System32\profapi.dll
0x00007ffb03da0000 - 0x00007ffb03dea000 	C:\WINDOWS\System32\powrprof.dll
0x00007ffb03d90000 - 0x00007ffb03da0000 	C:\WINDOWS\System32\UMPDC.dll
0x00007ffb059a0000 - 0x00007ffb059f2000 	C:\WINDOWS\System32\shlwapi.dll
0x00007ffb03df0000 - 0x00007ffb03e01000 	C:\WINDOWS\System32\kernel.appcore.dll
0x00007ffb04f00000 - 0x00007ffb04f17000 	C:\WINDOWS\System32\cryptsp.dll
0x00007ffafeb40000 - 0x00007ffafeb5a000 	C:\Program Files\Android\Android Studio\jre\jre\bin\net.dll
0x00007ffb03600000 - 0x00007ffb03667000 	C:\WINDOWS\system32\mswsock.dll
0x00007ffafeb20000 - 0x00007ffafeb31000 	C:\Program Files\Android\Android Studio\jre\jre\bin\nio.dll
0x00007ffaf63b0000 - 0x00007ffaf63d6000 	C:\Users\Lokman\.gradle\native\29\windows-amd64\native-platform.dll
0x00007ffafe9b0000 - 0x00007ffafe9bd000 	C:\Program Files\Android\Android Studio\jre\jre\bin\management.dll
0x00007ffb03170000 - 0x00007ffb031a3000 	C:\WINDOWS\system32\rsaenh.dll
0x00007ffb04030000 - 0x00007ffb04056000 	C:\WINDOWS\System32\bcrypt.dll
0x00007ffb03cb0000 - 0x00007ffb03cd5000 	C:\WINDOWS\SYSTEM32\USERENV.dll
0x00007ffb037d0000 - 0x00007ffb037dc000 	C:\WINDOWS\SYSTEM32\CRYPTBASE.dll
0x00007ffb03310000 - 0x00007ffb0334a000 	C:\WINDOWS\SYSTEM32\IPHLPAPI.DLL
0x00007ffb05990000 - 0x00007ffb05998000 	C:\WINDOWS\System32\NSI.dll
0x00007ffafc780000 - 0x00007ffafc796000 	C:\WINDOWS\SYSTEM32\dhcpcsvc6.DLL
0x00007ffafc760000 - 0x00007ffafc77c000 	C:\WINDOWS\SYSTEM32\dhcpcsvc.DLL
0x00007ffb03350000 - 0x00007ffb0341a000 	C:\WINDOWS\SYSTEM32\DNSAPI.dll

VM Arguments:
jvm_args: -Xmx1536m -Dfile.encoding=windows-1252 -Duser.country=FR -Duser.language=fr -Duser.variant 
java_command: org.gradle.launcher.daemon.bootstrap.GradleDaemon 5.4.1
java_class_path (initial): C:\Users\Lokman\.gradle\wrapper\dists\gradle-5.4.1-all\3221gyojl5jsh0helicew7rwx\gradle-5.4.1\lib\gradle-launcher-5.4.1.jar
Launcher Type: SUN_STANDARD

Environment Variables:
PATH=C:\Program Files (x86)\Intel\Intel(R) Management Engine Components\iCLS\;C:\Program Files\Intel\Intel(R) Management Engine Components\iCLS\;C:\ProgramData\Oracle\Java\javapath;C:\Program Files (x86)\Common Files\Intel\Shared Libraries\redist\intel64\compiler;C:\Windows\system32;C:\Windows;C:\Windows\System32\Wbem;C:\Windows\System32\WindowsPowerShell\v1.0\;C:\Program Files (x86)\NVIDIA Corporation\PhysX\Common;C:\Program Files (x86)\PuTTY\;C:\Program Files (x86)\CineForm\Tools;C:\Program Files (x86)\GoPro\Tools;C:\Program Files (x86)\Windows Kits\10\Windows Performance Toolkit\;C:\Program Files (x86)\Skype\Phone\;C:\WINDOWS\system32;C:\WINDOWS;C:\WINDOWS\System32\Wbem;C:\WINDOWS\System32\WindowsPowerShell\v1.0\;C:\WINDOWS\System32\OpenSSH\;C:\wamp64\bin\php\php5.6.40;C:\Program Files\nodejs\;C:\Users\Lokman\AppData\Local\Microsoft\WindowsApps;C:\Program Files (x86)\HMA! Pro VPN\bin;;C:\Users\Lokman\AppData\Local\Programs\Microsoft VS Code\bin;C:\Users\Lokman\AppData\Roaming\npm
USERNAME=Lokman
OS=Windows_NT
PROCESSOR_IDENTIFIER=Intel64 Family 6 Model 60 Stepping 3, GenuineIntel



---------------  S Y S T E M  ---------------

OS: Windows 10.0 , 64 bit Build 18362 (10.0.18362.329)

CPU:total 8 (initial active 8) (4 cores per cpu, 2 threads per core) family 6 model 60 stepping 3, cmov, cx8, fxsr, mmx, sse, sse2, sse3, ssse3, sse4.1, sse4.2, popcnt, avx, avx2, aes, clmul, erms, lzcnt, ht, tsc, tscinvbit, bmi1, bmi2

Memory: 4k page, physical 8072116k(1104644k free), swap 12123060k(5768k free)

vm_info: OpenJDK 64-Bit Server VM (25.202-b03) for windows-amd64 JRE (1.8.0_202-release-1483-b03), built by "builder" with MS VC++ 10.0 (VS2010)

time: Thu Feb 27 00:37:03 2020
timezone: Paris, Madrid
elapsed time: 13 seconds (0d 0h 0m 13s)

