#
# There is insufficient memory for the Java Runtime Environment to continue.
# Native memory allocation (malloc) failed to allocate 81664 bytes for Chunk::new
# Possible reasons:
#   The system is out of physical RAM or swap space
#   The process is running with CompressedOops enabled, and the Java Heap may be blocking the growth of the native heap
# Possible solutions:
#   Reduce memory load on the system
#   Increase physical memory or swap space
#   Check if swap backing store is full
#   Decrease Java heap size (-Xmx/-Xms)
#   Decrease number of Java threads
#   Decrease Java thread stack sizes (-Xss)
#   Set larger code cache with -XX:ReservedCodeCacheSize=
#   JVM is running with Unscaled Compressed Oops mode in which the Java heap is
#     placed in the first 4GB address space. The Java Heap base address is the
#     maximum limit for the native heap growth. Please use -XX:HeapBaseMinAddress
#     to set the Java Heap base and to place the Java Heap above 4GB virtual address.
# This output file may be truncated or incomplete.
#
#  Out of Memory Error (allocation.cpp:389), pid=16880, tid=0x0000000000004bf8
#
# JRE version: OpenJDK Runtime Environment (8.0_202-b03) (build 1.8.0_202-release-1483-b03)
# Java VM: OpenJDK 64-Bit Server VM (25.202-b03 mixed mode windows-amd64 compressed oops)
# Failed to write core dump. Minidumps are not enabled by default on client versions of Windows
#

---------------  T H R E A D  ---------------

Current thread (0x000000001837e000):  JavaThread "C2 CompilerThread0" daemon [_thread_in_native, id=19448, stack(0x0000000018c80000,0x0000000018d80000)]

Stack: [0x0000000018c80000,0x0000000018d80000]
[error occurred during error reporting (printing stack bounds), id 0xc0000005]

Native frames: (J=compiled Java code, j=interpreted, Vv=VM code, C=native code)


Current CompileTask:
C2:   8793 6673 %     4       org.apache.commons.io.FilenameUtils::doNormalize @ 134 (534 bytes)


---------------  P R O C E S S  ---------------

Java Threads: ( => current thread )
  0x0000000020302000 JavaThread "Cache worker for execution history cache (C:\Users\Lokman\AndroidStudioProjects\bmwparis\.gradle\5.4.1\executionHistory)" [_thread_blocked, id=140, stack(0x0000000025450000,0x0000000025550000)]
  0x00000000202fb800 JavaThread "Execution worker for ':' Thread 7" [_thread_blocked, id=12908, stack(0x0000000025050000,0x0000000025150000)]
  0x00000000202fd000 JavaThread "Execution worker for ':' Thread 6" [_thread_blocked, id=2164, stack(0x0000000024f50000,0x0000000025050000)]
  0x0000000020300000 JavaThread "Execution worker for ':' Thread 5" [_thread_blocked, id=11320, stack(0x0000000024e50000,0x0000000024f50000)]
  0x00000000202ff000 JavaThread "Execution worker for ':' Thread 4" [_thread_blocked, id=14428, stack(0x0000000024d50000,0x0000000024e50000)]
  0x00000000202fc000 JavaThread "Execution worker for ':' Thread 3" [_thread_in_Java, id=13392, stack(0x0000000024c50000,0x0000000024d50000)]
  0x00000000202fd800 JavaThread "Execution worker for ':' Thread 2" [_thread_blocked, id=1276, stack(0x0000000024a50000,0x0000000024b50000)]
  0x0000000020301800 JavaThread "Execution worker for ':'" [_thread_blocked, id=12488, stack(0x0000000024950000,0x0000000024a50000)]
  0x0000000020300800 JavaThread "Cache worker for file content cache (C:\Users\Lokman\AndroidStudioProjects\bmwparis\.gradle\5.4.1\fileContent)" [_thread_blocked, id=15364, stack(0x0000000024250000,0x0000000024350000)]
  0x000000001d82c800 JavaThread "Cache worker for file content cache (C:\Users\Lokman\.gradle\caches\5.4.1\fileContent)" [_thread_blocked, id=14108, stack(0x0000000024150000,0x0000000024250000)]
  0x000000001d82c000 JavaThread "Memory manager" [_thread_blocked, id=12944, stack(0x0000000023370000,0x0000000023470000)]
  0x000000001d82b000 JavaThread "Cache worker for Build Output Cleanup Cache (C:\Users\Lokman\AndroidStudioProjects\bmwparis\.gradle\buildOutputCleanup)" [_thread_blocked, id=17808, stack(0x0000000023270000,0x0000000023370000)]
  0x000000001d826800 JavaThread "Build operations Thread 8" [_thread_blocked, id=7180, stack(0x0000000022d70000,0x0000000022e70000)]
  0x000000001d828000 JavaThread "Build operations Thread 7" [_thread_blocked, id=9208, stack(0x0000000022c70000,0x0000000022d70000)]
  0x000000001d827000 JavaThread "Build operations Thread 6" [_thread_blocked, id=18900, stack(0x0000000022b70000,0x0000000022c70000)]
  0x000000001d81f000 JavaThread "Build operations Thread 5" [_thread_blocked, id=8376, stack(0x0000000022a70000,0x0000000022b70000)]
  0x000000001d825800 JavaThread "Build operations Thread 4" [_thread_blocked, id=16836, stack(0x0000000022970000,0x0000000022a70000)]
  0x000000001d825000 JavaThread "Build operations Thread 3" [_thread_blocked, id=3656, stack(0x0000000022870000,0x0000000022970000)]
  0x000000001d81d800 JavaThread "Build operations Thread 2" [_thread_blocked, id=8388, stack(0x0000000022770000,0x0000000022870000)]
  0x000000001d824000 JavaThread "Build operations" [_thread_blocked, id=5336, stack(0x0000000022670000,0x0000000022770000)]
  0x000000001d81e000 JavaThread "Cache worker for execution history cache (C:\Users\Lokman\.gradle\caches\5.4.1\executionHistory)" [_thread_blocked, id=8300, stack(0x0000000022130000,0x0000000022230000)]
  0x000000001d823800 JavaThread "Cache worker for cache directory md-rule (C:\Users\Lokman\.gradle\caches\5.4.1\md-rule)" [_thread_blocked, id=11216, stack(0x0000000022030000,0x0000000022130000)]
  0x000000001d820800 JavaThread "Cache worker for cache directory md-supplier (C:\Users\Lokman\.gradle\caches\5.4.1\md-supplier)" [_thread_blocked, id=16632, stack(0x0000000021f30000,0x0000000022030000)]
  0x000000001838c000 JavaThread "Cache worker for file hash cache (C:\Users\Lokman\AndroidStudioProjects\bmwparis\.gradle\5.4.1\fileHashes)" [_thread_blocked, id=2384, stack(0x000000001e3a0000,0x000000001e4a0000)]
  0x0000000018390800 JavaThread "Cache worker for journal cache (C:\Users\Lokman\.gradle\caches\journal-1)" [_thread_blocked, id=14488, stack(0x000000001c100000,0x000000001c200000)]
  0x000000001838c800 JavaThread "File lock request listener" [_thread_in_native, id=3120, stack(0x000000001be00000,0x000000001bf00000)]
  0x000000001a176000 JavaThread "Cache worker for file hash cache (C:\Users\Lokman\.gradle\caches\5.4.1\fileHashes)" [_thread_blocked, id=388, stack(0x000000001bd00000,0x000000001be00000)]
  0x000000001a467000 JavaThread "Thread-9" [_thread_blocked, id=10256, stack(0x000000001bc00000,0x000000001bd00000)]
  0x000000001a45e800 JavaThread "Stdin handler" [_thread_blocked, id=5456, stack(0x000000001bb00000,0x000000001bc00000)]
  0x000000001a45d800 JavaThread "Asynchronous log dispatcher for DefaultDaemonConnection: socket connection from /127.0.0.1:7309 to /127.0.0.1:7310" [_thread_blocked, id=13064, stack(0x000000001ba00000,0x000000001bb00000)]
  0x000000001a46a800 JavaThread "Daemon worker" [_thread_blocked, id=13872, stack(0x000000001b900000,0x000000001ba00000)]
  0x000000001a469800 JavaThread "Cancel handler" [_thread_blocked, id=17668, stack(0x000000001b800000,0x000000001b900000)]
  0x000000001a535800 JavaThread "Handler for socket connection from /127.0.0.1:7309 to /127.0.0.1:7310" [_thread_in_native, id=13488, stack(0x000000001b500000,0x000000001b600000)]
  0x000000001a534800 JavaThread "Daemon" [_thread_blocked, id=2880, stack(0x000000001b400000,0x000000001b500000)]
  0x000000001849d000 JavaThread "Daemon periodic checks" [_thread_blocked, id=1064, stack(0x000000001b300000,0x000000001b400000)]
  0x000000001a498800 JavaThread "Incoming local TCP Connector on port 7309" [_thread_in_native, id=7900, stack(0x000000001b090000,0x000000001b190000)]
  0x000000001a576800 JavaThread "Daemon health stats" [_thread_blocked, id=16036, stack(0x000000001aa50000,0x000000001ab50000)]
  0x0000000018421000 JavaThread "Service Thread" daemon [_thread_blocked, id=1676, stack(0x0000000019080000,0x0000000019180000)]
  0x0000000018391000 JavaThread "C1 CompilerThread3" daemon [_thread_in_native, id=10092, stack(0x0000000018f80000,0x0000000019080000)]
  0x0000000018389000 JavaThread "C2 CompilerThread2" daemon [_thread_blocked, id=10416, stack(0x0000000018e80000,0x0000000018f80000)]
  0x0000000018381000 JavaThread "C2 CompilerThread1" daemon [_thread_in_native, id=5560, stack(0x0000000018d80000,0x0000000018e80000)]
=>0x000000001837e000 JavaThread "C2 CompilerThread0" daemon [_thread_in_native, id=19448, stack(0x0000000018c80000,0x0000000018d80000)]
  0x0000000018386800 JavaThread "Attach Listener" daemon [_thread_blocked, id=9432, stack(0x0000000018b80000,0x0000000018c80000)]
  0x0000000018385800 JavaThread "Signal Dispatcher" daemon [_thread_blocked, id=9992, stack(0x0000000018a80000,0x0000000018b80000)]
  0x0000000018371000 JavaThread "Finalizer" daemon [_thread_blocked, id=5288, stack(0x0000000018850000,0x0000000018950000)]
  0x0000000018370800 JavaThread "Reference Handler" daemon [_thread_blocked, id=1528, stack(0x0000000018750000,0x0000000018850000)]
  0x00000000027be000 JavaThread "main" [_thread_blocked, id=5388, stack(0x0000000002510000,0x0000000002610000)]

Other Threads:
  0x0000000016576000 VMThread [stack: 0x0000000018250000,0x0000000018350000] [id=15692]
  0x00000000183e4000 WatcherThread [stack: 0x0000000019180000,0x0000000019280000] [id=12640]

VM state:not at safepoint (normal execution)

VM Mutex/Monitor currently owned by a thread: None

heap address: 0x00000000a0000000, size: 1536 MB, Compressed Oops mode: 32-bit
Narrow klass base: 0x0000000000000000, Narrow klass shift: 3
Compressed class space size: 1073741824 Address: 0x0000000100000000

Heap:
 PSYoungGen      total 169472K, used 94792K [0x00000000e0000000, 0x00000000ec300000, 0x0000000100000000)
  eden space 152064K, 62% used [0x00000000e0000000,0x00000000e5c92028,0x00000000e9480000)
  from space 17408K, 0% used [0x00000000ea600000,0x00000000ea600000,0x00000000eb700000)
  to   space 17920K, 0% used [0x00000000e9480000,0x00000000e9480000,0x00000000ea600000)
 ParOldGen       total 135680K, used 29502K [0x00000000a0000000, 0x00000000a8480000, 0x00000000e0000000)
  object space 135680K, 21% used [0x00000000a0000000,0x00000000a1ccf8c0,0x00000000a8480000)
 Metaspace       used 59621K, capacity 61600K, committed 61848K, reserved 1101824K
  class space    used 8125K, capacity 8567K, committed 8616K, reserved 1048576K

Card table byte_map: [0x0000000011b80000,0x0000000011e90000] byte_map_base: 0x0000000011680000

Marking Bits: (ParMarkBitMap*) 0x00000000556e9f30
 Begin Bits: [0x0000000012890000, 0x0000000014090000)
 End Bits:   [0x0000000014090000, 0x0000000015890000)

Polling page: 0x0000000000890000

CodeCache: size=245760Kb used=18175Kb max_used=18186Kb free=227584Kb
 bounds [0x00000000027c0000, 0x00000000039a0000, 0x00000000117c0000]
 total_blobs=6697 nmethods=5906 adapters=704
 compilation: enabled

Compilation events (10 events):
Event: 8.779 Thread 0x0000000018391000 6679       3       org.gradle.api.internal.artifacts.ivyservice.resolveengine.artifact.ArtifactBackedResolvedVariant$SingleArtifactSet::visit (39 bytes)
Event: 8.779 Thread 0x0000000018391000 nmethod 6679 0x0000000003979110 code [0x00000000039792a0, 0x00000000039795d8]
Event: 8.779 Thread 0x0000000018391000 6677       3       org.gradle.api.internal.artifacts.DefaultResolvedArtifact::isResolveSynchronously (37 bytes)
Event: 8.779 Thread 0x0000000018391000 nmethod 6677 0x0000000003978ad0 code [0x0000000003978c40, 0x0000000003979048]
Event: 8.779 Thread 0x0000000018391000 6678   !   3       org.gradle.api.internal.artifacts.ivyservice.resolveengine.artifact.ArtifactBackedResolvedVariant$DownloadArtifactFile::run (50 bytes)
Event: 8.780 Thread 0x0000000018391000 nmethod 6678 0x000000000398da10 code [0x000000000398dba0, 0x000000000398e018]
Event: 8.780 Thread 0x0000000018391000 6675       3       org.gradle.api.internal.file.AbstractBaseDirFileResolver::doResolve (114 bytes)
Event: 8.783 Thread 0x0000000018389000 6680       4       com.google.common.collect.RegularImmutableMap::createHashTable (207 bytes)
Event: 8.784 Thread 0x0000000018391000 nmethod 6675 0x000000000398e310 code [0x000000000398e780, 0x0000000003990f98]
Event: 8.790 Thread 0x0000000018391000 6682       3       java.util.IdentityHashMap::closeDeletion (107 bytes)

GC Heap History (10 events):
Event: 4.645 GC heap before
{Heap before GC invocations=11 (full 2):
 PSYoungGen      total 110592K, used 10185K [0x00000000e0000000, 0x00000000e9c00000, 0x0000000100000000)
  eden space 99840K, 0% used [0x00000000e0000000,0x00000000e0000000,0x00000000e6180000)
  from space 10752K, 94% used [0x00000000e6180000,0x00000000e6b724d0,0x00000000e6c00000)
  to   space 11776K, 0% used [0x00000000e9080000,0x00000000e9080000,0x00000000e9c00000)
 ParOldGen       total 60416K, used 11203K [0x00000000a0000000, 0x00000000a3b00000, 0x00000000e0000000)
  object space 60416K, 18% used [0x00000000a0000000,0x00000000a0af0d80,0x00000000a3b00000)
 Metaspace       used 34625K, capacity 35446K, committed 35496K, reserved 1079296K
  class space    used 4790K, capacity 5010K, committed 5032K, reserved 1048576K
Event: 4.721 GC heap after
Heap after GC invocations=11 (full 2):
 PSYoungGen      total 110592K, used 0K [0x00000000e0000000, 0x00000000e9c00000, 0x0000000100000000)
  eden space 99840K, 0% used [0x00000000e0000000,0x00000000e0000000,0x00000000e6180000)
  from space 10752K, 0% used [0x00000000e6180000,0x00000000e6180000,0x00000000e6c00000)
  to   space 11776K, 0% used [0x00000000e9080000,0x00000000e9080000,0x00000000e9c00000)
 ParOldGen       total 91136K, used 16985K [0x00000000a0000000, 0x00000000a5900000, 0x00000000e0000000)
  object space 91136K, 18% used [0x00000000a0000000,0x00000000a1096600,0x00000000a5900000)
 Metaspace       used 34596K, capacity 35350K, committed 35496K, reserved 1079296K
  class space    used 4781K, capacity 4994K, committed 5032K, reserved 1048576K
}
Event: 5.838 GC heap before
{Heap before GC invocations=12 (full 2):
 PSYoungGen      total 110592K, used 99840K [0x00000000e0000000, 0x00000000e9c00000, 0x0000000100000000)
  eden space 99840K, 100% used [0x00000000e0000000,0x00000000e6180000,0x00000000e6180000)
  from space 10752K, 0% used [0x00000000e6180000,0x00000000e6180000,0x00000000e6c00000)
  to   space 11776K, 0% used [0x00000000e9080000,0x00000000e9080000,0x00000000e9c00000)
 ParOldGen       total 91136K, used 16985K [0x00000000a0000000, 0x00000000a5900000, 0x00000000e0000000)
  object space 91136K, 18% used [0x00000000a0000000,0x00000000a1096600,0x00000000a5900000)
 Metaspace       used 45068K, capacity 46106K, committed 46376K, reserved 1089536K
  class space    used 6059K, capacity 6335K, committed 6440K, reserved 1048576K
Event: 5.852 GC heap after
Heap after GC invocations=12 (full 2):
 PSYoungGen      total 136192K, used 11768K [0x00000000e0000000, 0x00000000e9c00000, 0x0000000100000000)
  eden space 124416K, 0% used [0x00000000e0000000,0x00000000e0000000,0x00000000e7980000)
  from space 11776K, 99% used [0x00000000e9080000,0x00000000e9bfe268,0x00000000e9c00000)
  to   space 13824K, 0% used [0x00000000e8100000,0x00000000e8100000,0x00000000e8e80000)
 ParOldGen       total 91136K, used 18660K [0x00000000a0000000, 0x00000000a5900000, 0x00000000e0000000)
  object space 91136K, 20% used [0x00000000a0000000,0x00000000a1239360,0x00000000a5900000)
 Metaspace       used 45068K, capacity 46106K, committed 46376K, reserved 1089536K
  class space    used 6059K, capacity 6335K, committed 6440K, reserved 1048576K
}
Event: 7.110 GC heap before
{Heap before GC invocations=13 (full 2):
 PSYoungGen      total 136192K, used 136184K [0x00000000e0000000, 0x00000000e9c00000, 0x0000000100000000)
  eden space 124416K, 100% used [0x00000000e0000000,0x00000000e7980000,0x00000000e7980000)
  from space 11776K, 99% used [0x00000000e9080000,0x00000000e9bfe268,0x00000000e9c00000)
  to   space 13824K, 0% used [0x00000000e8100000,0x00000000e8100000,0x00000000e8e80000)
 ParOldGen       total 91136K, used 18660K [0x00000000a0000000, 0x00000000a5900000, 0x00000000e0000000)
  object space 91136K, 20% used [0x00000000a0000000,0x00000000a1239360,0x00000000a5900000)
 Metaspace       used 55387K, capacity 56976K, committed 57128K, reserved 1097728K
  class space    used 7533K, capacity 7947K, committed 7976K, reserved 1048576K
Event: 7.124 GC heap after
Heap after GC invocations=13 (full 2):
 PSYoungGen      total 145920K, used 13814K [0x00000000e0000000, 0x00000000eb700000, 0x0000000100000000)
  eden space 132096K, 0% used [0x00000000e0000000,0x00000000e0000000,0x00000000e8100000)
  from space 13824K, 99% used [0x00000000e8100000,0x00000000e8e7d8d8,0x00000000e8e80000)
  to   space 17408K, 0% used [0x00000000ea600000,0x00000000ea600000,0x00000000eb700000)
 ParOldGen       total 91136K, used 25008K [0x00000000a0000000, 0x00000000a5900000, 0x00000000e0000000)
  object space 91136K, 27% used [0x00000000a0000000,0x00000000a186c020,0x00000000a5900000)
 Metaspace       used 55387K, capacity 56976K, committed 57128K, reserved 1097728K
  class space    used 7533K, capacity 7947K, committed 7976K, reserved 1048576K
}
Event: 7.528 GC heap before
{Heap before GC invocations=14 (full 2):
 PSYoungGen      total 145920K, used 49153K [0x00000000e0000000, 0x00000000eb700000, 0x0000000100000000)
  eden space 132096K, 26% used [0x00000000e0000000,0x00000000e2282d08,0x00000000e8100000)
  from space 13824K, 99% used [0x00000000e8100000,0x00000000e8e7d8d8,0x00000000e8e80000)
  to   space 17408K, 0% used [0x00000000ea600000,0x00000000ea600000,0x00000000eb700000)
 ParOldGen       total 91136K, used 25008K [0x00000000a0000000, 0x00000000a5900000, 0x00000000e0000000)
  object space 91136K, 27% used [0x00000000a0000000,0x00000000a186c020,0x00000000a5900000)
 Metaspace       used 57459K, capacity 59122K, committed 59160K, reserved 1099776K
  class space    used 7813K, capacity 8196K, committed 8232K, reserved 1048576K
Event: 7.539 GC heap after
Heap after GC invocations=14 (full 2):
 PSYoungGen      total 169472K, used 3595K [0x00000000e0000000, 0x00000000ec300000, 0x0000000100000000)
  eden space 152064K, 0% used [0x00000000e0000000,0x00000000e0000000,0x00000000e9480000)
  from space 17408K, 20% used [0x00000000ea600000,0x00000000ea982e18,0x00000000eb700000)
  to   space 17920K, 0% used [0x00000000e9480000,0x00000000e9480000,0x00000000ea600000)
 ParOldGen       total 91136K, used 30996K [0x00000000a0000000, 0x00000000a5900000, 0x00000000e0000000)
  object space 91136K, 34% used [0x00000000a0000000,0x00000000a1e45208,0x00000000a5900000)
 Metaspace       used 57459K, capacity 59122K, committed 59160K, reserved 1099776K
  class space    used 7813K, capacity 8196K, committed 8232K, reserved 1048576K
}
Event: 7.539 GC heap before
{Heap before GC invocations=15 (full 3):
 PSYoungGen      total 169472K, used 3595K [0x00000000e0000000, 0x00000000ec300000, 0x0000000100000000)
  eden space 152064K, 0% used [0x00000000e0000000,0x00000000e0000000,0x00000000e9480000)
  from space 17408K, 20% used [0x00000000ea600000,0x00000000ea982e18,0x00000000eb700000)
  to   space 17920K, 0% used [0x00000000e9480000,0x00000000e9480000,0x00000000ea600000)
 ParOldGen       total 91136K, used 30996K [0x00000000a0000000, 0x00000000a5900000, 0x00000000e0000000)
  object space 91136K, 34% used [0x00000000a0000000,0x00000000a1e45208,0x00000000a5900000)
 Metaspace       used 57459K, capacity 59122K, committed 59160K, reserved 1099776K
  class space    used 7813K, capacity 8196K, committed 8232K, reserved 1048576K
Event: 7.758 GC heap after
Heap after GC invocations=15 (full 3):
 PSYoungGen      total 169472K, used 0K [0x00000000e0000000, 0x00000000ec300000, 0x0000000100000000)
  eden space 152064K, 0% used [0x00000000e0000000,0x00000000e0000000,0x00000000e9480000)
  from space 17408K, 0% used [0x00000000ea600000,0x00000000ea600000,0x00000000eb700000)
  to   space 17920K, 0% used [0x00000000e9480000,0x00000000e9480000,0x00000000ea600000)
 ParOldGen       total 135680K, used 29502K [0x00000000a0000000, 0x00000000a8480000, 0x00000000e0000000)
  object space 135680K, 21% used [0x00000000a0000000,0x00000000a1ccf8c0,0x00000000a8480000)
 Metaspace       used 57459K, capacity 59122K, committed 59160K, reserved 1099776K
  class space    used 7813K, capacity 8196K, committed 8232K, reserved 1048576K
}

Deoptimization events (10 events):
Event: 8.220 Thread 0x0000000020301800 Uncommon trap: reason=unstable_if action=reinterpret pc=0x0000000002c4670c method=java.util.concurrent.ConcurrentHashMap.transfer([Ljava/util/concurrent/ConcurrentHashMap$Node;[Ljava/util/concurrent/ConcurrentHashMap$Node;)V @ 34
Event: 8.220 Thread 0x0000000020301800 Uncommon trap: reason=unstable_if action=reinterpret pc=0x0000000002c2f228 method=java.util.concurrent.ConcurrentHashMap.transfer([Ljava/util/concurrent/ConcurrentHashMap$Node;[Ljava/util/concurrent/ConcurrentHashMap$Node;)V @ 277
Event: 8.221 Thread 0x0000000020301800 Uncommon trap: reason=unstable_if action=reinterpret pc=0x00000000029a3c00 method=java.util.concurrent.ConcurrentHashMap.get(Ljava/lang/Object;)Ljava/lang/Object; @ 86
Event: 8.574 Thread 0x00000000202ff000 Uncommon trap: reason=class_check action=maybe_recompile pc=0x000000000344740c method=com.google.common.base.Equivalence$Equals.doEquivalent(Ljava/lang/Object;Ljava/lang/Object;)Z @ 2
Event: 8.576 Thread 0x000000001d825800 Uncommon trap: reason=unstable_if action=reinterpret pc=0x0000000003652380 method=java.util.concurrent.locks.ReentrantLock$Sync.nonfairTryAcquire(I)Z @ 19
Event: 8.657 Thread 0x00000000202fc000 Uncommon trap: reason=class_check action=maybe_recompile pc=0x000000000392197c method=java.io.ObjectOutputStream$BlockDataOutputStream.drain()V @ 36
Event: 8.666 Thread 0x00000000202fc000 Uncommon trap: reason=class_check action=maybe_recompile pc=0x000000000392197c method=java.io.ObjectOutputStream$BlockDataOutputStream.drain()V @ 36
Event: 8.707 Thread 0x00000000202fc000 Uncommon trap: reason=class_check action=maybe_recompile pc=0x000000000344740c method=com.google.common.base.Equivalence$Equals.doEquivalent(Ljava/lang/Object;Ljava/lang/Object;)Z @ 2
Event: 8.727 Thread 0x00000000202fc000 Uncommon trap: reason=class_check action=maybe_recompile pc=0x000000000344740c method=com.google.common.base.Equivalence$Equals.doEquivalent(Ljava/lang/Object;Ljava/lang/Object;)Z @ 2
Event: 8.777 Thread 0x00000000202fc000 Uncommon trap: reason=class_check action=maybe_recompile pc=0x000000000344740c method=com.google.common.base.Equivalence$Equals.doEquivalent(Ljava/lang/Object;Ljava/lang/Object;)Z @ 2

Classes redefined (0 events):
No events

Internal exceptions (10 events):
Event: 6.922 Thread 0x000000001a46a800 Exception <a 'java/lang/ClassNotFoundException': com/sun/org/glassfish/hk2/osgiresourcelocator/ServiceLoader> (0x00000000e664d938) thrown at [D:\src\AOSP-openjdk-cygwin\jdk8u\hotspot\src\share\vm\classfile\systemDictionary.cpp, line 210]
Event: 6.969 Thread 0x000000001a46a800 Exception <a 'java/lang/NullPointerException'> (0x00000000e6b19300) thrown at [D:\src\AOSP-openjdk-cygwin\jdk8u\hotspot\src\share\vm\interpreter\linkResolver.cpp, line 1287]
Event: 8.152 Thread 0x000000001a467000 Exception <a 'java/lang/NoSuchMethodError': <clinit>> (0x00000000e24dfc88) thrown at [D:\src\AOSP-openjdk-cygwin\jdk8u\hotspot\src\share\vm\prims\jni.cpp, line 1614]
Event: 8.154 Thread 0x000000001a467000 Exception <a 'java/lang/NoSuchMethodError': <clinit>> (0x00000000e24eb968) thrown at [D:\src\AOSP-openjdk-cygwin\jdk8u\hotspot\src\share\vm\prims\jni.cpp, line 1614]
Event: 8.156 Thread 0x000000001a467000 Exception <a 'java/lang/NoSuchMethodError': <clinit>> (0x00000000e24f7ee0) thrown at [D:\src\AOSP-openjdk-cygwin\jdk8u\hotspot\src\share\vm\prims\jni.cpp, line 1614]
Event: 8.209 Thread 0x000000001a467000 Exception <a 'java/lang/NoSuchMethodError': <clinit>> (0x00000000e2502930) thrown at [D:\src\AOSP-openjdk-cygwin\jdk8u\hotspot\src\share\vm\prims\jni.cpp, line 1614]
Event: 8.212 Thread 0x000000001a467000 Exception <a 'java/lang/NoSuchMethodError': <clinit>> (0x00000000e2788f38) thrown at [D:\src\AOSP-openjdk-cygwin\jdk8u\hotspot\src\share\vm\prims\jni.cpp, line 1614]
Event: 8.212 Thread 0x000000001a467000 Exception <a 'java/lang/NoSuchMethodError': <clinit>> (0x00000000e278aa50) thrown at [D:\src\AOSP-openjdk-cygwin\jdk8u\hotspot\src\share\vm\prims\jni.cpp, line 1614]
Event: 8.375 Thread 0x000000001a467000 Exception <a 'java/lang/NoSuchMethodError': <clinit>> (0x00000000e33087b0) thrown at [D:\src\AOSP-openjdk-cygwin\jdk8u\hotspot\src\share\vm\prims\jni.cpp, line 1614]
Event: 8.659 Thread 0x00000000202fc000 Exception <a 'java/lang/NoSuchMethodError': <clinit>> (0x00000000e581af08) thrown at [D:\src\AOSP-openjdk-cygwin\jdk8u\hotspot\src\share\vm\prims\jni.cpp, line 1614]

Events (10 events):
Event: 8.719 Thread 0x0000000018391000 flushing nmethod 0x000000000350d410
Event: 8.719 Thread 0x0000000018391000 flushing nmethod 0x0000000003572610
Event: 8.727 Thread 0x00000000202fc000 Uncommon trap: trap_request=0xffffffde fr.pc=0x000000000344740c
Event: 8.727 Thread 0x00000000202fc000 DEOPT PACKING pc=0x000000000344740c sp=0x0000000024d4c9b0
Event: 8.727 Thread 0x00000000202fc000 DEOPT UNPACKING pc=0x000000000280557b sp=0x0000000024d4c878 mode 2
Event: 8.747 Executing VM operation: RevokeBias
Event: 8.747 Executing VM operation: RevokeBias done
Event: 8.777 Thread 0x00000000202fc000 Uncommon trap: trap_request=0xffffffde fr.pc=0x000000000344740c
Event: 8.777 Thread 0x00000000202fc000 DEOPT PACKING pc=0x000000000344740c sp=0x0000000024d4c9b0
Event: 8.777 Thread 0x00000000202fc000 DEOPT UNPACKING pc=0x000000000280557b sp=0x0000000024d4c878 mode 2


Dynamic libraries:
0x00007ff79acf0000 - 0x00007ff79ad21000 	C:\Program Files\Android\Android Studio\jre\bin\java.exe
0x00007ffb06ec0000 - 0x00007ffb070b0000 	C:\WINDOWS\SYSTEM32\ntdll.dll
0x00007ffb06150000 - 0x00007ffb06202000 	C:\WINDOWS\System32\KERNEL32.DLL
0x00007ffb040e0000 - 0x00007ffb04383000 	C:\WINDOWS\System32\KERNELBASE.dll
0x00007ffb05df0000 - 0x00007ffb05e93000 	C:\WINDOWS\System32\ADVAPI32.dll
0x00007ffb05ea0000 - 0x00007ffb05f3e000 	C:\WINDOWS\System32\msvcrt.dll
0x00007ffb060b0000 - 0x00007ffb06147000 	C:\WINDOWS\System32\sechost.dll
0x00007ffb06c10000 - 0x00007ffb06d30000 	C:\WINDOWS\System32\RPCRT4.dll
0x00007ffb05bd0000 - 0x00007ffb05d64000 	C:\WINDOWS\System32\USER32.dll
0x00007ffb03f50000 - 0x00007ffb03f71000 	C:\WINDOWS\System32\win32u.dll
0x00007ffb05960000 - 0x00007ffb05986000 	C:\WINDOWS\System32\GDI32.dll
0x00007ffb04490000 - 0x00007ffb04624000 	C:\WINDOWS\System32\gdi32full.dll
0x00007ffb04390000 - 0x00007ffb0442e000 	C:\WINDOWS\System32\msvcp_win.dll
0x00007ffb03e50000 - 0x00007ffb03f4a000 	C:\WINDOWS\System32\ucrtbase.dll
0x00007ffaf5a20000 - 0x00007ffaf5ca5000 	C:\WINDOWS\WinSxS\amd64_microsoft.windows.common-controls_6595b64144ccf1df_6.0.18362.657_none_e6c5b579130e3898\COMCTL32.dll
0x00007ffb06680000 - 0x00007ffb069b6000 	C:\WINDOWS\System32\combase.dll
0x00007ffb04060000 - 0x00007ffb040e0000 	C:\WINDOWS\System32\bcryptPrimitives.dll
0x00007ffb05930000 - 0x00007ffb0595e000 	C:\WINDOWS\System32\IMM32.DLL
0x0000000054d60000 - 0x0000000054e32000 	C:\Program Files\Android\Android Studio\jre\jre\bin\msvcr100.dll
0x0000000054f20000 - 0x0000000055766000 	C:\Program Files\Android\Android Studio\jre\jre\bin\server\jvm.dll
0x00007ffb06c00000 - 0x00007ffb06c08000 	C:\WINDOWS\System32\PSAPI.DLL
0x00007ffafe180000 - 0x00007ffafe18a000 	C:\WINDOWS\SYSTEM32\VERSION.dll
0x00007ffaff270000 - 0x00007ffaff279000 	C:\WINDOWS\SYSTEM32\WSOCK32.dll
0x00007ffafce50000 - 0x00007ffafce74000 	C:\WINDOWS\SYSTEM32\WINMM.dll
0x00007ffb05a00000 - 0x00007ffb05a6f000 	C:\WINDOWS\System32\WS2_32.dll
0x00007ffafcdc0000 - 0x00007ffafcded000 	C:\WINDOWS\SYSTEM32\WINMMBASE.dll
0x00007ffb04f20000 - 0x00007ffb04f6a000 	C:\WINDOWS\System32\cfgmgr32.dll
0x00007ffafebb0000 - 0x00007ffafebbf000 	C:\Program Files\Android\Android Studio\jre\jre\bin\verify.dll
0x00007ffafeb80000 - 0x00007ffafeba9000 	C:\Program Files\Android\Android Studio\jre\jre\bin\java.dll
0x00007ffafeb60000 - 0x00007ffafeb76000 	C:\Program Files\Android\Android Studio\jre\jre\bin\zip.dll
0x00007ffb05120000 - 0x00007ffb05805000 	C:\WINDOWS\System32\SHELL32.dll
0x00007ffb05810000 - 0x00007ffb058b9000 	C:\WINDOWS\System32\shcore.dll
0x00007ffb04630000 - 0x00007ffb04daf000 	C:\WINDOWS\System32\windows.storage.dll
0x00007ffb03e30000 - 0x00007ffb03e4f000 	C:\WINDOWS\System32\profapi.dll
0x00007ffb03da0000 - 0x00007ffb03dea000 	C:\WINDOWS\System32\powrprof.dll
0x00007ffb03d90000 - 0x00007ffb03da0000 	C:\WINDOWS\System32\UMPDC.dll
0x00007ffb059a0000 - 0x00007ffb059f2000 	C:\WINDOWS\System32\shlwapi.dll
0x00007ffb03df0000 - 0x00007ffb03e01000 	C:\WINDOWS\System32\kernel.appcore.dll
0x00007ffb04f00000 - 0x00007ffb04f17000 	C:\WINDOWS\System32\cryptsp.dll
0x00007ffafeb40000 - 0x00007ffafeb5a000 	C:\Program Files\Android\Android Studio\jre\jre\bin\net.dll
0x00007ffb03600000 - 0x00007ffb03667000 	C:\WINDOWS\system32\mswsock.dll
0x00007ffafeb20000 - 0x00007ffafeb31000 	C:\Program Files\Android\Android Studio\jre\jre\bin\nio.dll
0x00007ffaf63b0000 - 0x00007ffaf63d6000 	C:\Users\Lokman\.gradle\native\29\windows-amd64\native-platform.dll
0x00007ffafe9b0000 - 0x00007ffafe9bd000 	C:\Program Files\Android\Android Studio\jre\jre\bin\management.dll
0x00007ffb03170000 - 0x00007ffb031a3000 	C:\WINDOWS\system32\rsaenh.dll
0x00007ffb04030000 - 0x00007ffb04056000 	C:\WINDOWS\System32\bcrypt.dll
0x00007ffb03cb0000 - 0x00007ffb03cd5000 	C:\WINDOWS\SYSTEM32\USERENV.dll
0x00007ffb037d0000 - 0x00007ffb037dc000 	C:\WINDOWS\SYSTEM32\CRYPTBASE.dll
0x00007ffb03310000 - 0x00007ffb0334a000 	C:\WINDOWS\SYSTEM32\IPHLPAPI.DLL
0x00007ffb05990000 - 0x00007ffb05998000 	C:\WINDOWS\System32\NSI.dll
0x00007ffafc780000 - 0x00007ffafc796000 	C:\WINDOWS\SYSTEM32\dhcpcsvc6.DLL
0x00007ffafc760000 - 0x00007ffafc77c000 	C:\WINDOWS\SYSTEM32\dhcpcsvc.DLL
0x00007ffb03350000 - 0x00007ffb0341a000 	C:\WINDOWS\SYSTEM32\DNSAPI.dll

VM Arguments:
jvm_args: -Xmx1536m -Dfile.encoding=windows-1252 -Duser.country=FR -Duser.language=fr -Duser.variant 
java_command: org.gradle.launcher.daemon.bootstrap.GradleDaemon 5.4.1
java_class_path (initial): C:\Users\Lokman\.gradle\wrapper\dists\gradle-5.4.1-all\3221gyojl5jsh0helicew7rwx\gradle-5.4.1\lib\gradle-launcher-5.4.1.jar
Launcher Type: SUN_STANDARD

Environment Variables:
PATH=C:\Program Files (x86)\Intel\Intel(R) Management Engine Components\iCLS\;C:\Program Files\Intel\Intel(R) Management Engine Components\iCLS\;C:\ProgramData\Oracle\Java\javapath;C:\Program Files (x86)\Common Files\Intel\Shared Libraries\redist\intel64\compiler;C:\Windows\system32;C:\Windows;C:\Windows\System32\Wbem;C:\Windows\System32\WindowsPowerShell\v1.0\;C:\Program Files (x86)\NVIDIA Corporation\PhysX\Common;C:\Program Files (x86)\PuTTY\;C:\Program Files (x86)\CineForm\Tools;C:\Program Files (x86)\GoPro\Tools;C:\Program Files (x86)\Windows Kits\10\Windows Performance Toolkit\;C:\Program Files (x86)\Skype\Phone\;C:\WINDOWS\system32;C:\WINDOWS;C:\WINDOWS\System32\Wbem;C:\WINDOWS\System32\WindowsPowerShell\v1.0\;C:\WINDOWS\System32\OpenSSH\;C:\wamp64\bin\php\php5.6.40;C:\Program Files\nodejs\;C:\Users\Lokman\AppData\Local\Microsoft\WindowsApps;C:\Program Files (x86)\HMA! Pro VPN\bin;;C:\Users\Lokman\AppData\Local\Programs\Microsoft VS Code\bin;C:\Users\Lokman\AppData\Roaming\npm
USERNAME=Lokman
OS=Windows_NT
PROCESSOR_IDENTIFIER=Intel64 Family 6 Model 60 Stepping 3, GenuineIntel



---------------  S Y S T E M  ---------------

OS: Windows 10.0 , 64 bit Build 18362 (10.0.18362.329)

CPU:total 8 (initial active 8) (4 cores per cpu, 2 threads per core) family 6 model 60 stepping 3, cmov, cx8, fxsr, mmx, sse, sse2, sse3, ssse3, sse4.1, sse4.2, popcnt, avx, avx2, aes, clmul, erms, lzcnt, ht, tsc, tscinvbit, bmi1, bmi2

Memory: 4k page, physical 8072116k(1083588k free), swap 12123060k(4344k free)

vm_info: OpenJDK 64-Bit Server VM (25.202-b03) for windows-amd64 JRE (1.8.0_202-release-1483-b03), built by "builder" with MS VC++ 10.0 (VS2010)

time: Thu Feb 27 00:37:58 2020
timezone: Paris, Madrid
elapsed time: 8 seconds (0d 0h 0m 8s)

