#
# There is insufficient memory for the Java Runtime Environment to continue.
# Native memory allocation (malloc) failed to allocate 385632 bytes for Chunk::new
# Possible reasons:
#   The system is out of physical RAM or swap space
#   The process is running with CompressedOops enabled, and the Java Heap may be blocking the growth of the native heap
# Possible solutions:
#   Reduce memory load on the system
#   Increase physical memory or swap space
#   Check if swap backing store is full
#   Decrease Java heap size (-Xmx/-Xms)
#   Decrease number of Java threads
#   Decrease Java thread stack sizes (-Xss)
#   Set larger code cache with -XX:ReservedCodeCacheSize=
#   JVM is running with Unscaled Compressed Oops mode in which the Java heap is
#     placed in the first 4GB address space. The Java Heap base address is the
#     maximum limit for the native heap growth. Please use -XX:HeapBaseMinAddress
#     to set the Java Heap base and to place the Java Heap above 4GB virtual address.
# This output file may be truncated or incomplete.
#
#  Out of Memory Error (allocation.cpp:389), pid=17480, tid=0x000000000000341c
#
# JRE version: OpenJDK Runtime Environment (8.0_202-b03) (build 1.8.0_202-release-1483-b03)
# Java VM: OpenJDK 64-Bit Server VM (25.202-b03 mixed mode windows-amd64 compressed oops)
# Failed to write core dump. Minidumps are not enabled by default on client versions of Windows
#

---------------  T H R E A D  ---------------

Current thread (0x00000000183e7000):  JavaThread "C2 CompilerThread2" daemon [_thread_in_native, id=13340, stack(0x0000000018ee0000,0x0000000018fe0000)]

Stack: [0x0000000018ee0000,0x0000000018fe0000]
[error occurred during error reporting (printing stack bounds), id 0xc0000005]

Native frames: (J=compiled Java code, j=interpreted, Vv=VM code, C=native code)


Current CompileTask:
C2:   6650 4588       4       org.objectweb.asm.MethodWriter::computeAllFrames (510 bytes)


---------------  P R O C E S S  ---------------

Java Threads: ( => current thread )
  0x000000001a9ce800 JavaThread "Cache worker for file content cache (C:\Users\Lokman\AndroidStudioProjects\bmwparis\.gradle\5.4.1\fileContent)" [_thread_blocked, id=12580, stack(0x0000000025080000,0x0000000025180000)]
  0x000000001a9ca000 JavaThread "Cache worker for file content cache (C:\Users\Lokman\.gradle\caches\5.4.1\fileContent)" [_thread_blocked, id=13236, stack(0x0000000023920000,0x0000000023a20000)]
  0x000000001a9cc000 JavaThread "Memory manager" [_thread_blocked, id=17644, stack(0x00000000234c0000,0x00000000235c0000)]
  0x000000001a9cb800 JavaThread "Cache worker for Build Output Cleanup Cache (C:\Users\Lokman\AndroidStudioProjects\bmwparis\.gradle\buildOutputCleanup)" [_thread_blocked, id=12540, stack(0x0000000023820000,0x0000000023920000)]
  0x000000001a9c0800 JavaThread "Build operations Thread 8" [_thread_blocked, id=11612, stack(0x0000000022dc0000,0x0000000022ec0000)]
  0x000000001a9c4000 JavaThread "Build operations Thread 7" [_thread_blocked, id=14136, stack(0x0000000022cc0000,0x0000000022dc0000)]
  0x000000001a9c7000 JavaThread "Build operations Thread 6" [_thread_blocked, id=84, stack(0x0000000022bc0000,0x0000000022cc0000)]
  0x000000001a9c1800 JavaThread "Build operations Thread 5" [_thread_blocked, id=16476, stack(0x0000000022ac0000,0x0000000022bc0000)]
  0x000000001a9c4800 JavaThread "Build operations Thread 4" [_thread_blocked, id=18992, stack(0x00000000229c0000,0x0000000022ac0000)]
  0x000000001a9c3000 JavaThread "Build operations Thread 3" [_thread_blocked, id=5648, stack(0x00000000228c0000,0x00000000229c0000)]
  0x000000001a9c0000 JavaThread "Build operations Thread 2" [_thread_blocked, id=13716, stack(0x00000000225b0000,0x00000000226b0000)]
  0x000000001a9c2000 JavaThread "Build operations" [_thread_blocked, id=10972, stack(0x00000000223a0000,0x00000000224a0000)]
  0x000000001a9c6000 JavaThread "Cache worker for execution history cache (C:\Users\Lokman\.gradle\caches\5.4.1\executionHistory)" [_thread_blocked, id=14080, stack(0x00000000220a0000,0x00000000221a0000)]
  0x000000001a2ab800 JavaThread "Cache worker for cache directory md-rule (C:\Users\Lokman\.gradle\caches\5.4.1\md-rule)" [_thread_blocked, id=19312, stack(0x0000000021fa0000,0x00000000220a0000)]
  0x000000001a2ab000 JavaThread "Cache worker for cache directory md-supplier (C:\Users\Lokman\.gradle\caches\5.4.1\md-supplier)" [_thread_blocked, id=13056, stack(0x00000000224b0000,0x00000000225b0000)]
  0x000000001a2ae000 JavaThread "Cache worker for file hash cache (C:\Users\Lokman\AndroidStudioProjects\bmwparis\.gradle\5.4.1\fileHashes)" [_thread_blocked, id=18864, stack(0x000000001f3d0000,0x000000001f4d0000)]
  0x000000001a2b0000 JavaThread "Cache worker for journal cache (C:\Users\Lokman\.gradle\caches\journal-1)" [_thread_blocked, id=10492, stack(0x000000001c160000,0x000000001c260000)]
  0x000000001a2ad000 JavaThread "File lock request listener" [_thread_in_native, id=9352, stack(0x000000001be60000,0x000000001bf60000)]
  0x000000001a8c1800 JavaThread "Cache worker for file hash cache (C:\Users\Lokman\.gradle\caches\5.4.1\fileHashes)" [_thread_blocked, id=10600, stack(0x000000001bd60000,0x000000001be60000)]
  0x000000001a7e0000 JavaThread "Thread-9" [_thread_blocked, id=7396, stack(0x000000001bc60000,0x000000001bd60000)]
  0x000000001a7dc000 JavaThread "Stdin handler" [_thread_blocked, id=15424, stack(0x000000001bb60000,0x000000001bc60000)]
  0x000000001a7db000 JavaThread "Asynchronous log dispatcher for DefaultDaemonConnection: socket connection from /127.0.0.1:7397 to /127.0.0.1:7398" [_thread_blocked, id=17940, stack(0x000000001ba60000,0x000000001bb60000)]
  0x000000001a7f2000 JavaThread "Daemon worker" [_thread_in_vm, id=19140, stack(0x000000001b960000,0x000000001ba60000)]
  0x000000001a7f1000 JavaThread "Cancel handler" [_thread_blocked, id=16892, stack(0x000000001b860000,0x000000001b960000)]
  0x000000001a59e800 JavaThread "Handler for socket connection from /127.0.0.1:7397 to /127.0.0.1:7398" [_thread_in_native, id=1188, stack(0x000000001b560000,0x000000001b660000)]
  0x000000001a59d800 JavaThread "Daemon" [_thread_blocked, id=15512, stack(0x000000001b460000,0x000000001b560000)]
  0x000000001a594000 JavaThread "Daemon periodic checks" [_thread_blocked, id=8840, stack(0x000000001b360000,0x000000001b460000)]
  0x000000001a592000 JavaThread "Incoming local TCP Connector on port 7397" [_thread_in_native, id=18108, stack(0x000000001b0f0000,0x000000001b1f0000)]
  0x000000001a8e1000 JavaThread "Daemon health stats" [_thread_blocked, id=4960, stack(0x000000001aab0000,0x000000001abb0000)]
  0x000000001842b800 JavaThread "Service Thread" daemon [_thread_blocked, id=7024, stack(0x00000000190e0000,0x00000000191e0000)]
  0x00000000183eb000 JavaThread "C1 CompilerThread3" daemon [_thread_blocked, id=1204, stack(0x0000000018fe0000,0x00000000190e0000)]
=>0x00000000183e7000 JavaThread "C2 CompilerThread2" daemon [_thread_in_native, id=13340, stack(0x0000000018ee0000,0x0000000018fe0000)]
  0x00000000183de800 JavaThread "C2 CompilerThread1" daemon [_thread_blocked, id=10020, stack(0x0000000018de0000,0x0000000018ee0000)]
  0x00000000183db800 JavaThread "C2 CompilerThread0" daemon [_thread_blocked, id=12424, stack(0x0000000018ce0000,0x0000000018de0000)]
  0x00000000183da800 JavaThread "Attach Listener" daemon [_thread_blocked, id=18092, stack(0x0000000018be0000,0x0000000018ce0000)]
  0x00000000183e5800 JavaThread "Signal Dispatcher" daemon [_thread_blocked, id=14804, stack(0x0000000018ae0000,0x0000000018be0000)]
  0x000000000282e000 JavaThread "Finalizer" daemon [_thread_blocked, id=18588, stack(0x00000000188b0000,0x00000000189b0000)]
  0x00000000183d0800 JavaThread "Reference Handler" daemon [_thread_blocked, id=11672, stack(0x00000000187b0000,0x00000000188b0000)]
  0x00000000025be000 JavaThread "main" [_thread_blocked, id=10536, stack(0x0000000002630000,0x0000000002730000)]

Other Threads:
  0x00000000165e6000 VMThread [stack: 0x00000000182b0000,0x00000000183b0000] [id=16956]
  0x000000001842c800 WatcherThread [stack: 0x00000000191e0000,0x00000000192e0000] [id=15948]

VM state:not at safepoint (normal execution)

VM Mutex/Monitor currently owned by a thread: None

heap address: 0x00000000a0000000, size: 1536 MB, Compressed Oops mode: 32-bit
Narrow klass base: 0x0000000000000000, Narrow klass shift: 3
Compressed class space size: 1073741824 Address: 0x0000000100000000

Heap:
 PSYoungGen      total 142336K, used 108252K [0x00000000e0000000, 0x00000000ea500000, 0x0000000100000000)
  eden space 130560K, 73% used [0x00000000e0000000,0x00000000e5e3b8a8,0x00000000e7f80000)
  from space 11776K, 99% used [0x00000000e9980000,0x00000000ea4fb860,0x00000000ea500000)
  to   space 13824K, 0% used [0x00000000e8a00000,0x00000000e8a00000,0x00000000e9780000)
 ParOldGen       total 87040K, used 19370K [0x00000000a0000000, 0x00000000a5500000, 0x00000000e0000000)
  object space 87040K, 22% used [0x00000000a0000000,0x00000000a12eab18,0x00000000a5500000)
 Metaspace       used 52679K, capacity 54176K, committed 54440K, reserved 1095680K
  class space    used 7156K, capacity 7581K, committed 7592K, reserved 1048576K

Card table byte_map: [0x0000000011bf0000,0x0000000011f00000] byte_map_base: 0x00000000116f0000

Marking Bits: (ParMarkBitMap*) 0x00000000556e9f30
 Begin Bits: [0x0000000012900000, 0x0000000014100000)
 End Bits:   [0x0000000014100000, 0x0000000015900000)

Polling page: 0x0000000000920000

CodeCache: size=245760Kb used=14353Kb max_used=14353Kb free=231406Kb
 bounds [0x0000000002830000, 0x0000000003640000, 0x0000000011830000]
 total_blobs=5004 nmethods=4228 adapters=689
 compilation: enabled

Compilation events (10 events):
Event: 6.635 Thread 0x00000000183eb000 4614       3       java.lang.ThreadLocal::<init> (12 bytes)
Event: 6.635 Thread 0x00000000183eb000 nmethod 4614 0x000000000363b510 code [0x000000000363b680, 0x000000000363b990]
Event: 6.635 Thread 0x00000000183eb000 4615       3       java.lang.ThreadLocal::nextHashCode (9 bytes)
Event: 6.635 Thread 0x00000000183eb000 nmethod 4615 0x000000000363b090 code [0x000000000363b200, 0x000000000363b430]
Event: 6.643 Thread 0x00000000183eb000 4617       1       org.gradle.internal.reflect.PropertyExtractor$PropertyMetadataBuilder::access$600 (5 bytes)
Event: 6.643 Thread 0x00000000183eb000 nmethod 4617 0x000000000363add0 code [0x000000000363af20, 0x000000000363b010]
Event: 6.644 Thread 0x00000000183eb000 4618       3       com.google.common.base.Equivalence$Wrapper::equals (53 bytes)
Event: 6.644 Thread 0x00000000183eb000 nmethod 4618 0x000000000363db50 code [0x000000000363dd00, 0x000000000363e458]
Event: 6.644 Thread 0x00000000183eb000 4619       3       org.gradle.internal.reflect.Methods$1::doEquivalent (13 bytes)
Event: 6.644 Thread 0x00000000183eb000 nmethod 4619 0x000000000363e610 code [0x000000000363e780, 0x000000000363eae8]

GC Heap History (10 events):
Event: 3.549 GC heap before
{Heap before GC invocations=8 (full 1):
 PSYoungGen      total 73216K, used 62976K [0x00000000e0000000, 0x00000000e5300000, 0x0000000100000000)
  eden space 62976K, 100% used [0x00000000e0000000,0x00000000e3d80000,0x00000000e3d80000)
  from space 10240K, 0% used [0x00000000e4800000,0x00000000e4800000,0x00000000e5200000)
  to   space 10752K, 0% used [0x00000000e3d80000,0x00000000e3d80000,0x00000000e4800000)
 ParOldGen       total 56320K, used 8858K [0x00000000a0000000, 0x00000000a3700000, 0x00000000e0000000)
  object space 56320K, 15% used [0x00000000a0000000,0x00000000a08a6990,0x00000000a3700000)
 Metaspace       used 28820K, capacity 29402K, committed 29696K, reserved 1075200K
  class space    used 3891K, capacity 4068K, committed 4096K, reserved 1048576K
Event: 3.557 GC heap after
Heap after GC invocations=8 (full 1):
 PSYoungGen      total 73728K, used 7891K [0x00000000e0000000, 0x00000000e7a00000, 0x0000000100000000)
  eden space 62976K, 0% used [0x00000000e0000000,0x00000000e0000000,0x00000000e3d80000)
  from space 10752K, 73% used [0x00000000e3d80000,0x00000000e4534cb0,0x00000000e4800000)
  to   space 10752K, 0% used [0x00000000e6f80000,0x00000000e6f80000,0x00000000e7a00000)
 ParOldGen       total 56320K, used 8866K [0x00000000a0000000, 0x00000000a3700000, 0x00000000e0000000)
  object space 56320K, 15% used [0x00000000a0000000,0x00000000a08a8990,0x00000000a3700000)
 Metaspace       used 28820K, capacity 29402K, committed 29696K, reserved 1075200K
  class space    used 3891K, capacity 4068K, committed 4096K, reserved 1048576K
}
Event: 4.065 GC heap before
{Heap before GC invocations=9 (full 1):
 PSYoungGen      total 73728K, used 70867K [0x00000000e0000000, 0x00000000e7a00000, 0x0000000100000000)
  eden space 62976K, 100% used [0x00000000e0000000,0x00000000e3d80000,0x00000000e3d80000)
  from space 10752K, 73% used [0x00000000e3d80000,0x00000000e4534cb0,0x00000000e4800000)
  to   space 10752K, 0% used [0x00000000e6f80000,0x00000000e6f80000,0x00000000e7a00000)
 ParOldGen       total 56320K, used 8866K [0x00000000a0000000, 0x00000000a3700000, 0x00000000e0000000)
  object space 56320K, 15% used [0x00000000a0000000,0x00000000a08a8990,0x00000000a3700000)
 Metaspace       used 32033K, capacity 32638K, committed 32768K, reserved 1077248K
  class space    used 4423K, capacity 4592K, committed 4608K, reserved 1048576K
Event: 4.078 GC heap after
Heap after GC invocations=9 (full 1):
 PSYoungGen      total 114176K, used 8359K [0x00000000e0000000, 0x00000000e7b80000, 0x0000000100000000)
  eden space 103424K, 0% used [0x00000000e0000000,0x00000000e0000000,0x00000000e6500000)
  from space 10752K, 77% used [0x00000000e6f80000,0x00000000e77a9c50,0x00000000e7a00000)
  to   space 10752K, 0% used [0x00000000e6500000,0x00000000e6500000,0x00000000e6f80000)
 ParOldGen       total 56320K, used 8874K [0x00000000a0000000, 0x00000000a3700000, 0x00000000e0000000)
  object space 56320K, 15% used [0x00000000a0000000,0x00000000a08aa990,0x00000000a3700000)
 Metaspace       used 32033K, capacity 32638K, committed 32768K, reserved 1077248K
  class space    used 4423K, capacity 4592K, committed 4608K, reserved 1048576K
}
Event: 4.577 GC heap before
{Heap before GC invocations=10 (full 1):
 PSYoungGen      total 114176K, used 62707K [0x00000000e0000000, 0x00000000e7b80000, 0x0000000100000000)
  eden space 103424K, 52% used [0x00000000e0000000,0x00000000e3513350,0x00000000e6500000)
  from space 10752K, 77% used [0x00000000e6f80000,0x00000000e77a9c50,0x00000000e7a00000)
  to   space 10752K, 0% used [0x00000000e6500000,0x00000000e6500000,0x00000000e6f80000)
 ParOldGen       total 56320K, used 8874K [0x00000000a0000000, 0x00000000a3700000, 0x00000000e0000000)
  object space 56320K, 15% used [0x00000000a0000000,0x00000000a08aa990,0x00000000a3700000)
 Metaspace       used 34645K, capacity 35464K, committed 35496K, reserved 1079296K
  class space    used 4796K, capacity 5013K, committed 5032K, reserved 1048576K
Event: 4.590 GC heap after
Heap after GC invocations=10 (full 1):
 PSYoungGen      total 114176K, used 10106K [0x00000000e0000000, 0x00000000ea500000, 0x0000000100000000)
  eden space 103424K, 0% used [0x00000000e0000000,0x00000000e0000000,0x00000000e6500000)
  from space 10752K, 93% used [0x00000000e6500000,0x00000000e6edea10,0x00000000e6f80000)
  to   space 11776K, 0% used [0x00000000e9980000,0x00000000e9980000,0x00000000ea500000)
 ParOldGen       total 56320K, used 8882K [0x00000000a0000000, 0x00000000a3700000, 0x00000000e0000000)
  object space 56320K, 15% used [0x00000000a0000000,0x00000000a08ac990,0x00000000a3700000)
 Metaspace       used 34645K, capacity 35464K, committed 35496K, reserved 1079296K
  class space    used 4796K, capacity 5013K, committed 5032K, reserved 1048576K
}
Event: 4.590 GC heap before
{Heap before GC invocations=11 (full 2):
 PSYoungGen      total 114176K, used 10106K [0x00000000e0000000, 0x00000000ea500000, 0x0000000100000000)
  eden space 103424K, 0% used [0x00000000e0000000,0x00000000e0000000,0x00000000e6500000)
  from space 10752K, 93% used [0x00000000e6500000,0x00000000e6edea10,0x00000000e6f80000)
  to   space 11776K, 0% used [0x00000000e9980000,0x00000000e9980000,0x00000000ea500000)
 ParOldGen       total 56320K, used 8882K [0x00000000a0000000, 0x00000000a3700000, 0x00000000e0000000)
  object space 56320K, 15% used [0x00000000a0000000,0x00000000a08ac990,0x00000000a3700000)
 Metaspace       used 34645K, capacity 35464K, committed 35496K, reserved 1079296K
  class space    used 4796K, capacity 5013K, committed 5032K, reserved 1048576K
Event: 4.664 GC heap after
Heap after GC invocations=11 (full 2):
 PSYoungGen      total 114176K, used 0K [0x00000000e0000000, 0x00000000ea500000, 0x0000000100000000)
  eden space 103424K, 0% used [0x00000000e0000000,0x00000000e0000000,0x00000000e6500000)
  from space 10752K, 0% used [0x00000000e6500000,0x00000000e6500000,0x00000000e6f80000)
  to   space 11776K, 0% used [0x00000000e9980000,0x00000000e9980000,0x00000000ea500000)
 ParOldGen       total 87040K, used 16982K [0x00000000a0000000, 0x00000000a5500000, 0x00000000e0000000)
  object space 87040K, 19% used [0x00000000a0000000,0x00000000a1095a60,0x00000000a5500000)
 Metaspace       used 34611K, capacity 35350K, committed 35496K, reserved 1079296K
  class space    used 4786K, capacity 4994K, committed 5032K, reserved 1048576K
}
Event: 5.727 GC heap before
{Heap before GC invocations=12 (full 2):
 PSYoungGen      total 114176K, used 103424K [0x00000000e0000000, 0x00000000ea500000, 0x0000000100000000)
  eden space 103424K, 100% used [0x00000000e0000000,0x00000000e6500000,0x00000000e6500000)
  from space 10752K, 0% used [0x00000000e6500000,0x00000000e6500000,0x00000000e6f80000)
  to   space 11776K, 0% used [0x00000000e9980000,0x00000000e9980000,0x00000000ea500000)
 ParOldGen       total 87040K, used 16982K [0x00000000a0000000, 0x00000000a5500000, 0x00000000e0000000)
  object space 87040K, 19% used [0x00000000a0000000,0x00000000a1095a60,0x00000000a5500000)
 Metaspace       used 45302K, capacity 46318K, committed 46632K, reserved 1089536K
  class space    used 6110K, capacity 6382K, committed 6440K, reserved 1048576K
Event: 5.738 GC heap after
Heap after GC invocations=12 (full 2):
 PSYoungGen      total 142336K, used 11758K [0x00000000e0000000, 0x00000000ea500000, 0x0000000100000000)
  eden space 130560K, 0% used [0x00000000e0000000,0x00000000e0000000,0x00000000e7f80000)
  from space 11776K, 99% used [0x00000000e9980000,0x00000000ea4fb860,0x00000000ea500000)
  to   space 13824K, 0% used [0x00000000e8a00000,0x00000000e8a00000,0x00000000e9780000)
 ParOldGen       total 87040K, used 19370K [0x00000000a0000000, 0x00000000a5500000, 0x00000000e0000000)
  object space 87040K, 22% used [0x00000000a0000000,0x00000000a12eab18,0x00000000a5500000)
 Metaspace       used 45302K, capacity 46318K, committed 46632K, reserved 1089536K
  class space    used 6110K, capacity 6382K, committed 6440K, reserved 1048576K
}

Deoptimization events (10 events):
Event: 5.383 Thread 0x000000001a7f2000 Uncommon trap: reason=unstable_if action=reinterpret pc=0x000000000339e87c method=java.security.CodeSource.matchCerts(Ljava/security/CodeSource;Z)Z @ 11
Event: 5.401 Thread 0x000000001a7f2000 Uncommon trap: reason=unstable_if action=reinterpret pc=0x0000000003097c68 method=org.objectweb.asm.ByteVector.putUTF8(Ljava/lang/String;)Lorg/objectweb/asm/ByteVector; @ 93
Event: 5.476 Thread 0x000000001a7f2000 Uncommon trap: reason=unstable_if action=reinterpret pc=0x0000000002e8c1b0 method=org.objectweb.asm.ByteVector.putUTF8(Ljava/lang/String;)Lorg/objectweb/asm/ByteVector; @ 93
Event: 5.672 Thread 0x000000001a7f2000 Uncommon trap: reason=unstable_if action=reinterpret pc=0x00000000030bf260 method=org.gradle.internal.reflect.PropertyAccessorType.of(Ljava/lang/reflect/Method;)Lorg/gradle/internal/reflect/PropertyAccessorType; @ 56
Event: 5.772 Thread 0x000000001a7f2000 Uncommon trap: reason=unstable_if action=reinterpret pc=0x00000000033cf14c method=java.util.WeakHashMap.put(Ljava/lang/Object;Ljava/lang/Object;)Ljava/lang/Object; @ 59
Event: 5.845 Thread 0x000000001a7f2000 Uncommon trap: reason=unstable_if action=reinterpret pc=0x0000000002972fa0 method=org.gradle.internal.instantiation.AbstractClassGenerator$InjectionAnnotationValidator.validateMethod(Ljava/lang/reflect/Method;Lorg/gradle/internal/reflect/PropertyAccessorT
Event: 6.021 Thread 0x000000001a7f2000 Uncommon trap: reason=unstable_if action=reinterpret pc=0x0000000002d8c064 method=java.lang.String.lastIndexOf([CII[CIII)I @ 17
Event: 6.167 Thread 0x000000001a7f2000 Uncommon trap: reason=unstable_if action=reinterpret pc=0x0000000002dee508 method=kotlin.reflect.jvm.internal.impl.protobuf.CodedInputStream.readRawVarint32()I @ 10
Event: 6.517 Thread 0x000000001a7f2000 Uncommon trap: reason=unstable_if action=reinterpret pc=0x0000000003308c84 method=java.io.WinNTFileSystem.normalize(Ljava/lang/String;)Ljava/lang/String; @ 74
Event: 6.517 Thread 0x000000001a7f2000 Uncommon trap: reason=unstable_if action=reinterpret pc=0x000000000334c710 method=java.io.WinNTFileSystem.normalize(Ljava/lang/String;II)Ljava/lang/String; @ 103

Classes redefined (0 events):
No events

Internal exceptions (10 events):
Event: 6.477 Thread 0x000000001a7f2000 Exception <a 'java/lang/ClassNotFoundException': com/android/build/gradle/internal/api/ApkVariantOutputImplBeanInfo> (0x00000000e4b99bd0) thrown at [D:\src\AOSP-openjdk-cygwin\jdk8u\hotspot\src\share\vm\classfile\systemDictionary.cpp, line 210]
Event: 6.477 Thread 0x000000001a7f2000 Exception <a 'java/lang/ClassNotFoundException': com/android/build/gradle/internal/api/BaseVariantOutputImplBeanInfo> (0x00000000e4bb5290) thrown at [D:\src\AOSP-openjdk-cygwin\jdk8u\hotspot\src\share\vm\classfile\systemDictionary.cpp, line 210]
Event: 6.478 Thread 0x000000001a7f2000 Exception <a 'java/lang/ClassNotFoundException': com/android/build/gradle/internal/api/BaseVariantOutputImplCustomizer> (0x00000000e4bd0e00) thrown at [D:\src\AOSP-openjdk-cygwin\jdk8u\hotspot\src\share\vm\classfile\systemDictionary.cpp, line 210]
Event: 6.479 Thread 0x000000001a7f2000 Exception <a 'java/lang/ClassNotFoundException': com/android/build/gradle/internal/api/ApkVariantOutputImplCustomizer> (0x00000000e4c06850) thrown at [D:\src\AOSP-openjdk-cygwin\jdk8u\hotspot\src\share\vm\classfile\systemDictionary.cpp, line 210]
Event: 6.479 Thread 0x000000001a7f2000 Exception <a 'java/lang/ClassNotFoundException': com/android/build/gradle/internal/api/ApkVariantOutputImpl_DecoratedCustomizer> (0x00000000e4c373a8) thrown at [D:\src\AOSP-openjdk-cygwin\jdk8u\hotspot\src\share\vm\classfile\systemDictionary.cpp, line 210
Event: 6.622 Thread 0x000000001a7f2000 Exception <a 'java/lang/NoSuchMethodError': java.lang.Object.lambda$static$0(Ljava/util/Set;Ljava/util/Set;)Z> (0x00000000e59eccd8) thrown at [D:\src\AOSP-openjdk-cygwin\jdk8u\hotspot\src\share\vm\interpreter\linkResolver.cpp, line 620]
Event: 6.622 Thread 0x000000001a7f2000 Exception <a 'java/lang/NoSuchMethodError': java.lang.Object.lambda$static$1(Ljava/util/Set;Ljava/util/Set;)Z> (0x00000000e59efc48) thrown at [D:\src\AOSP-openjdk-cygwin\jdk8u\hotspot\src\share\vm\interpreter\linkResolver.cpp, line 620]
Event: 6.622 Thread 0x000000001a7f2000 Exception <a 'java/lang/NoSuchMethodError': java.lang.Object.lambda$static$2(Ljava/util/Set;Ljava/util/Set;)Z> (0x00000000e59f2788) thrown at [D:\src\AOSP-openjdk-cygwin\jdk8u\hotspot\src\share\vm\interpreter\linkResolver.cpp, line 620]
Event: 6.623 Thread 0x000000001a7f2000 Exception <a 'java/lang/NoSuchMethodError': java.lang.Object.lambda$static$3(Ljava/util/Set;Ljava/util/Set;)Z> (0x00000000e59f52c8) thrown at [D:\src\AOSP-openjdk-cygwin\jdk8u\hotspot\src\share\vm\interpreter\linkResolver.cpp, line 620]
Event: 6.623 Thread 0x000000001a7f2000 Exception <a 'java/lang/NoSuchMethodError': java.lang.Object.lambda$static$4(Ljava/util/Set;Ljava/util/Set;)Z> (0x00000000e59f7e08) thrown at [D:\src\AOSP-openjdk-cygwin\jdk8u\hotspot\src\share\vm\interpreter\linkResolver.cpp, line 620]

Events (10 events):
Event: 6.648 loading class com/android/build/gradle/internal/PlatformToolsComponents
Event: 6.648 loading class com/android/build/gradle/internal/PlatformToolsComponents done
Event: 6.649 loading class com/android/build/gradle/internal/PlatformToolsComponents$Companion
Event: 6.649 loading class com/android/build/gradle/internal/PlatformToolsComponents$Companion done
Event: 6.649 loading class kotlin/io/FilesKt
Event: 6.649 loading class kotlin/io/FilesKt done
Event: 6.649 loading class kotlin/io/FilesKt
Event: 6.649 loading class kotlin/io/FilesKt done
Event: 6.649 loading class kotlin/io/FilesKt__UtilsKt
Event: 6.649 loading class kotlin/io/FilesKt__UtilsKt done


Dynamic libraries:
0x00007ff79acf0000 - 0x00007ff79ad21000 	C:\Program Files\Android\Android Studio\jre\bin\java.exe
0x00007ffb06ec0000 - 0x00007ffb070b0000 	C:\WINDOWS\SYSTEM32\ntdll.dll
0x00007ffb06150000 - 0x00007ffb06202000 	C:\WINDOWS\System32\KERNEL32.DLL
0x00007ffb040e0000 - 0x00007ffb04383000 	C:\WINDOWS\System32\KERNELBASE.dll
0x00007ffb05df0000 - 0x00007ffb05e93000 	C:\WINDOWS\System32\ADVAPI32.dll
0x00007ffb05ea0000 - 0x00007ffb05f3e000 	C:\WINDOWS\System32\msvcrt.dll
0x00007ffb060b0000 - 0x00007ffb06147000 	C:\WINDOWS\System32\sechost.dll
0x00007ffb06c10000 - 0x00007ffb06d30000 	C:\WINDOWS\System32\RPCRT4.dll
0x00007ffb05bd0000 - 0x00007ffb05d64000 	C:\WINDOWS\System32\USER32.dll
0x00007ffb03f50000 - 0x00007ffb03f71000 	C:\WINDOWS\System32\win32u.dll
0x00007ffb05960000 - 0x00007ffb05986000 	C:\WINDOWS\System32\GDI32.dll
0x00007ffb04490000 - 0x00007ffb04624000 	C:\WINDOWS\System32\gdi32full.dll
0x00007ffb04390000 - 0x00007ffb0442e000 	C:\WINDOWS\System32\msvcp_win.dll
0x00007ffb03e50000 - 0x00007ffb03f4a000 	C:\WINDOWS\System32\ucrtbase.dll
0x00007ffaf5a20000 - 0x00007ffaf5ca5000 	C:\WINDOWS\WinSxS\amd64_microsoft.windows.common-controls_6595b64144ccf1df_6.0.18362.657_none_e6c5b579130e3898\COMCTL32.dll
0x00007ffb06680000 - 0x00007ffb069b6000 	C:\WINDOWS\System32\combase.dll
0x00007ffb04060000 - 0x00007ffb040e0000 	C:\WINDOWS\System32\bcryptPrimitives.dll
0x00007ffb05930000 - 0x00007ffb0595e000 	C:\WINDOWS\System32\IMM32.DLL
0x0000000054d60000 - 0x0000000054e32000 	C:\Program Files\Android\Android Studio\jre\jre\bin\msvcr100.dll
0x0000000054f20000 - 0x0000000055766000 	C:\Program Files\Android\Android Studio\jre\jre\bin\server\jvm.dll
0x00007ffb06c00000 - 0x00007ffb06c08000 	C:\WINDOWS\System32\PSAPI.DLL
0x00007ffaff270000 - 0x00007ffaff279000 	C:\WINDOWS\SYSTEM32\WSOCK32.dll
0x00007ffafce50000 - 0x00007ffafce74000 	C:\WINDOWS\SYSTEM32\WINMM.dll
0x00007ffafe180000 - 0x00007ffafe18a000 	C:\WINDOWS\SYSTEM32\VERSION.dll
0x00007ffb05a00000 - 0x00007ffb05a6f000 	C:\WINDOWS\System32\WS2_32.dll
0x00007ffafcdc0000 - 0x00007ffafcded000 	C:\WINDOWS\SYSTEM32\WINMMBASE.dll
0x00007ffb04f20000 - 0x00007ffb04f6a000 	C:\WINDOWS\System32\cfgmgr32.dll
0x00007ffafebb0000 - 0x00007ffafebbf000 	C:\Program Files\Android\Android Studio\jre\jre\bin\verify.dll
0x00007ffafeb80000 - 0x00007ffafeba9000 	C:\Program Files\Android\Android Studio\jre\jre\bin\java.dll
0x00007ffafeb60000 - 0x00007ffafeb76000 	C:\Program Files\Android\Android Studio\jre\jre\bin\zip.dll
0x00007ffb05120000 - 0x00007ffb05805000 	C:\WINDOWS\System32\SHELL32.dll
0x00007ffb05810000 - 0x00007ffb058b9000 	C:\WINDOWS\System32\shcore.dll
0x00007ffb04630000 - 0x00007ffb04daf000 	C:\WINDOWS\System32\windows.storage.dll
0x00007ffb03e30000 - 0x00007ffb03e4f000 	C:\WINDOWS\System32\profapi.dll
0x00007ffb03da0000 - 0x00007ffb03dea000 	C:\WINDOWS\System32\powrprof.dll
0x00007ffb03d90000 - 0x00007ffb03da0000 	C:\WINDOWS\System32\UMPDC.dll
0x00007ffb059a0000 - 0x00007ffb059f2000 	C:\WINDOWS\System32\shlwapi.dll
0x00007ffb03df0000 - 0x00007ffb03e01000 	C:\WINDOWS\System32\kernel.appcore.dll
0x00007ffb04f00000 - 0x00007ffb04f17000 	C:\WINDOWS\System32\cryptsp.dll
0x00007ffafeb40000 - 0x00007ffafeb5a000 	C:\Program Files\Android\Android Studio\jre\jre\bin\net.dll
0x00007ffb03600000 - 0x00007ffb03667000 	C:\WINDOWS\system32\mswsock.dll
0x00007ffafeb20000 - 0x00007ffafeb31000 	C:\Program Files\Android\Android Studio\jre\jre\bin\nio.dll
0x00007ffaf63b0000 - 0x00007ffaf63d6000 	C:\Users\Lokman\.gradle\native\29\windows-amd64\native-platform.dll
0x00007ffafe9b0000 - 0x00007ffafe9bd000 	C:\Program Files\Android\Android Studio\jre\jre\bin\management.dll
0x00007ffb03170000 - 0x00007ffb031a3000 	C:\WINDOWS\system32\rsaenh.dll
0x00007ffb04030000 - 0x00007ffb04056000 	C:\WINDOWS\System32\bcrypt.dll
0x00007ffb03cb0000 - 0x00007ffb03cd5000 	C:\WINDOWS\SYSTEM32\USERENV.dll
0x00007ffb037d0000 - 0x00007ffb037dc000 	C:\WINDOWS\SYSTEM32\CRYPTBASE.dll
0x00007ffb03310000 - 0x00007ffb0334a000 	C:\WINDOWS\SYSTEM32\IPHLPAPI.DLL
0x00007ffb05990000 - 0x00007ffb05998000 	C:\WINDOWS\System32\NSI.dll
0x00007ffafc780000 - 0x00007ffafc796000 	C:\WINDOWS\SYSTEM32\dhcpcsvc6.DLL
0x00007ffafc760000 - 0x00007ffafc77c000 	C:\WINDOWS\SYSTEM32\dhcpcsvc.DLL
0x00007ffb03350000 - 0x00007ffb0341a000 	C:\WINDOWS\SYSTEM32\DNSAPI.dll

VM Arguments:
jvm_args: -Xmx1536m -Dfile.encoding=windows-1252 -Duser.country=FR -Duser.language=fr -Duser.variant 
java_command: org.gradle.launcher.daemon.bootstrap.GradleDaemon 5.4.1
java_class_path (initial): C:\Users\Lokman\.gradle\wrapper\dists\gradle-5.4.1-all\3221gyojl5jsh0helicew7rwx\gradle-5.4.1\lib\gradle-launcher-5.4.1.jar
Launcher Type: SUN_STANDARD

Environment Variables:
PATH=C:\Program Files (x86)\Intel\Intel(R) Management Engine Components\iCLS\;C:\Program Files\Intel\Intel(R) Management Engine Components\iCLS\;C:\ProgramData\Oracle\Java\javapath;C:\Program Files (x86)\Common Files\Intel\Shared Libraries\redist\intel64\compiler;C:\Windows\system32;C:\Windows;C:\Windows\System32\Wbem;C:\Windows\System32\WindowsPowerShell\v1.0\;C:\Program Files (x86)\NVIDIA Corporation\PhysX\Common;C:\Program Files (x86)\PuTTY\;C:\Program Files (x86)\CineForm\Tools;C:\Program Files (x86)\GoPro\Tools;C:\Program Files (x86)\Windows Kits\10\Windows Performance Toolkit\;C:\Program Files (x86)\Skype\Phone\;C:\WINDOWS\system32;C:\WINDOWS;C:\WINDOWS\System32\Wbem;C:\WINDOWS\System32\WindowsPowerShell\v1.0\;C:\WINDOWS\System32\OpenSSH\;C:\wamp64\bin\php\php5.6.40;C:\Program Files\nodejs\;C:\Users\Lokman\AppData\Local\Microsoft\WindowsApps;C:\Program Files (x86)\HMA! Pro VPN\bin;;C:\Users\Lokman\AppData\Local\Programs\Microsoft VS Code\bin;C:\Users\Lokman\AppData\Roaming\npm
USERNAME=Lokman
OS=Windows_NT
PROCESSOR_IDENTIFIER=Intel64 Family 6 Model 60 Stepping 3, GenuineIntel



---------------  S Y S T E M  ---------------

OS: Windows 10.0 , 64 bit Build 18362 (10.0.18362.329)

CPU:total 8 (initial active 8) (4 cores per cpu, 2 threads per core) family 6 model 60 stepping 3, cmov, cx8, fxsr, mmx, sse, sse2, sse3, ssse3, sse4.1, sse4.2, popcnt, avx, avx2, aes, clmul, erms, lzcnt, ht, tsc, tscinvbit, bmi1, bmi2

Memory: 4k page, physical 8072116k(1078888k free), swap 12123060k(3984k free)

vm_info: OpenJDK 64-Bit Server VM (25.202-b03) for windows-amd64 JRE (1.8.0_202-release-1483-b03), built by "builder" with MS VC++ 10.0 (VS2010)

time: Thu Feb 27 00:40:28 2020
timezone: Paris, Madrid
elapsed time: 6 seconds (0d 0h 0m 6s)

